#
# There is insufficient memory for the Java Runtime Environment to continue.
# Native memory allocation (mmap) failed to map 191270912 bytes for committing reserved memory.
# Possible reasons:
#   The system is out of physical RAM or swap space
#   The process is running with CompressedOops enabled, and the Java Heap may be blocking the growth of the native heap
# Possible solutions:
#   Reduce memory load on the system
#   Increase physical memory or swap space
#   Check if swap backing store is full
#   Decrease Java heap size (-Xmx/-Xms)
#   Decrease number of Java threads
#   Decrease Java thread stack sizes (-Xss)
#   Set larger code cache with -XX:ReservedCodeCacheSize=
#   JVM is running with Unscaled Compressed Oops mode in which the Java heap is
#     placed in the first 4GB address space. The Java Heap base address is the
#     maximum limit for the native heap growth. Please use -XX:HeapBaseMinAddress
#     to set the Java Heap base and to place the Java Heap above 4GB virtual address.
# This output file may be truncated or incomplete.
#
#  Out of Memory Error (os_linux.cpp:2749), pid=4115, tid=0x00007f94d02ce700
#
# JRE version: Java(TM) SE Runtime Environment (8.0_201-b09) (build 1.8.0_201-b09)
# Java VM: Java HotSpot(TM) 64-Bit Server VM (25.201-b09 mixed mode linux-amd64 compressed oops)
# Failed to write core dump. Core dumps have been disabled. To enable core dumping, try "ulimit -c unlimited" before starting Java again
#

---------------  T H R E A D  ---------------

Current thread (0x00007f94e007b000):  VMThread [stack: 0x00007f94d01cf000,0x00007f94d02cf000] [id=4135]

Stack: [0x00007f94d01cf000,0x00007f94d02cf000],  sp=0x00007f94d02cd450,  free space=1017k
Native frames: (J=compiled Java code, j=interpreted, Vv=VM code, C=native code)
V  [libjvm.so+0xad3525]  VMError::report_and_die()+0x2e5
V  [libjvm.so+0x4e0457]  report_vm_out_of_memory(char const*, int, unsigned long, VMErrorType, char const*)+0x67
V  [libjvm.so+0x9102f0]  os::pd_commit_memory(char*, unsigned long, unsigned long, bool)+0x100
V  [libjvm.so+0x90791f]  os::commit_memory(char*, unsigned long, unsigned long, bool)+0x1f
V  [libjvm.so+0xacfda0]  VirtualSpace::expand_by(unsigned long, bool)+0x140
V  [libjvm.so+0x5ebaee]  OneContigSpaceCardGeneration::grow_by(unsigned long)+0x1e
V  [libjvm.so+0x5ec5d1]  OneContigSpaceCardGeneration::expand(unsigned long, unsigned long)+0xa1
V  [libjvm.so+0x5d8645]  GenCollectedHeap::do_collection(bool, bool, unsigned long, bool, int)+0xa05
V  [libjvm.so+0x460cec]  GenCollectorPolicy::satisfy_failed_allocation(unsigned long, bool)+0xfc
V  [libjvm.so+0xad43bf]  VM_GenCollectForAllocation::doit()+0x8f
V  [libjvm.so+0xada296]  VM_Operation::evaluate()+0x46
V  [libjvm.so+0xad85cd]  VMThread::evaluate_operation(VM_Operation*) [clone .constprop.44]+0xcd
V  [libjvm.so+0xad8bb3]  VMThread::loop()+0x3a3
V  [libjvm.so+0xad8f88]  VMThread::run()+0x78
V  [libjvm.so+0x90d922]  java_start(Thread*)+0x102

VM_Operation (0x00007f94ab5f0410): GenCollectForAllocation, mode: safepoint, requested by thread 0x00007f94c4045000


---------------  P R O C E S S  ---------------

Java Threads: ( => current thread )
  0x00007f94bcfb3800 JavaThread "block-manager-ask-thread-pool-127" daemon [_thread_blocked, id=4477, stack(0x00007f94a4688000,0x00007f94a4789000)]
  0x00007f94c003f000 JavaThread "block-manager-ask-thread-pool-126" daemon [_thread_blocked, id=4476, stack(0x00007f94a3274000,0x00007f94a3375000)]
  0x00007f94b850d000 JavaThread "block-manager-slave-async-thread-pool-129" daemon [_thread_blocked, id=4475, stack(0x00007f94a286a000,0x00007f94a296b000)]
  0x00007f94b807d000 JavaThread "block-manager-slave-async-thread-pool-128" daemon [_thread_blocked, id=4474, stack(0x00007f94a4789000,0x00007f94a488a000)]
  0x00007f94cc10e000 JavaThread "block-manager-slave-async-thread-pool-127" daemon [_thread_blocked, id=4473, stack(0x00007f94a4b8d000,0x00007f94a4c8e000)]
  0x00007f94c403c800 JavaThread "block-manager-ask-thread-pool-125" daemon [_thread_blocked, id=4472, stack(0x00007f94aaded000,0x00007f94aaeee000)]
  0x00007f94e0373000 JavaThread "block-manager-ask-thread-pool-124" daemon [_thread_blocked, id=4471, stack(0x00007f94aacec000,0x00007f94aaded000)]
  0x00007f94cc112000 JavaThread "block-manager-ask-thread-pool-123" daemon [_thread_blocked, id=4470, stack(0x00007f94aa5e5000,0x00007f94aa6e6000)]
  0x00007f94bc353000 JavaThread "block-manager-slave-async-thread-pool-126" daemon [_thread_blocked, id=4469, stack(0x00007f94aaaea000,0x00007f94aabeb000)]
  0x00007f94bc34f800 JavaThread "block-manager-slave-async-thread-pool-125" daemon [_thread_blocked, id=4468, stack(0x00007f94aa4e4000,0x00007f94aa5e5000)]
  0x00007f94c402e000 JavaThread "block-manager-slave-async-thread-pool-124" daemon [_thread_blocked, id=4467, stack(0x00007f94aa2e2000,0x00007f94aa3e3000)]
  0x00007f94cc128000 JavaThread "block-manager-ask-thread-pool-122" daemon [_thread_blocked, id=4466, stack(0x00007f94a9ede000,0x00007f94a9fdf000)]
  0x00007f94c4045000 JavaThread "Executor task launch worker for task 68" daemon [_thread_blocked, id=4465, stack(0x00007f94ab4f2000,0x00007f94ab5f3000)]
  0x00007f94cc12d800 JavaThread "task-result-getter-3" daemon [_thread_blocked, id=4195, stack(0x00007f94aa8e8000,0x00007f94aa9e9000)]
  0x00007f94cc12c000 JavaThread "task-result-getter-2" daemon [_thread_blocked, id=4194, stack(0x00007f94aa9e9000,0x00007f94aaaea000)]
  0x00007f94cc0ec800 JavaThread "task-result-getter-1" daemon [_thread_blocked, id=4187, stack(0x00007f94ab0f0000,0x00007f94ab1f1000)]
  0x00007f94c4031800 JavaThread "task-result-getter-0" daemon [_thread_blocked, id=4186, stack(0x00007f94ab1f1000,0x00007f94ab2f2000)]
  0x00007f94bcc19800 JavaThread "org.apache.hadoop.fs.FileSystem$Statistics$StatisticsDataReferenceCleaner" daemon [_thread_blocked, id=4184, stack(0x00007f94b0ee1000,0x00007f94b0fe2000)]
  0x00007f94bcacc000 JavaThread "spark-listener-group-streams" daemon [_thread_blocked, id=4183, stack(0x00007f94b11e2000,0x00007f94b12e3000)]
  0x00007f94e0a52000 JavaThread "element-tracking-store-worker" daemon [_thread_blocked, id=4181, stack(0x00007f94b18e3000,0x00007f94b19e4000)]
  0x00007f94bc759000 JavaThread "spark-listener-group-executorManagement" daemon [_thread_blocked, id=4180, stack(0x00007f94b19e4000,0x00007f94b1ae5000)]
  0x00007f94bc757000 JavaThread "spark-listener-group-appStatus" daemon [_thread_blocked, id=4179, stack(0x00007f94b1ae5000,0x00007f94b1be6000)]
  0x00007f94bc751800 JavaThread "context-cleaner-periodic-gc" daemon [_thread_blocked, id=4178, stack(0x00007f94b1be6000,0x00007f94b1ce7000)]
  0x00007f94bc750000 JavaThread "Spark Context Cleaner" daemon [_thread_blocked, id=4177, stack(0x00007f94b1ce7000,0x00007f94b1de8000)]
  0x00007f94bc639800 JavaThread "shuffle-server-5-1" daemon [_thread_blocked, id=4176, stack(0x00007f94b21e8000,0x00007f94b22e9000)]
  0x00007f94bc5ff800 JavaThread "driver-heartbeater" daemon [_thread_blocked, id=4175, stack(0x00007f94b22e9000,0x00007f94b23ea000)]
  0x00007f94bc5cb000 JavaThread "dag-scheduler-event-loop" daemon [_thread_blocked, id=4174, stack(0x00007f94b23ea000,0x00007f94b24eb000)]
  0x0000000002588800 JavaThread "netty-rpc-env-timeout" daemon [_thread_blocked, id=4173, stack(0x00007f94b24eb000,0x00007f94b25ec000)]
  0x00007f94bc5a8800 JavaThread "Timer-0" daemon [_thread_blocked, id=4172, stack(0x00007f94b25ec000,0x00007f94b26ed000)]
  0x00007f94cc06f000 JavaThread "heartbeat-receiver-event-loop-thread" daemon [_thread_blocked, id=4171, stack(0x00007f94b26ed000,0x00007f94b27ee000)]
  0x00007f94bc519000 JavaThread "SparkUI-36" daemon [_thread_blocked, id=4170, stack(0x00007f94b29ee000,0x00007f94b2aef000)]
  0x00007f94bc517000 JavaThread "SparkUI-35" daemon [_thread_blocked, id=4169, stack(0x00007f94b2aef000,0x00007f94b2bf0000)]
  0x00007f94bc514800 JavaThread "SparkUI-34" daemon [_thread_blocked, id=4168, stack(0x00007f94b2bf0000,0x00007f94b2cf1000)]
  0x00007f94bc512800 JavaThread "SparkUI-33" daemon [_thread_blocked, id=4167, stack(0x00007f94b2cf1000,0x00007f94b2df2000)]
  0x00007f94bc511000 JavaThread "SparkUI-32" daemon [_thread_blocked, id=4166, stack(0x00007f94b2df2000,0x00007f94b2ef3000)]
  0x00007f94bc50f000 JavaThread "SparkUI-31" daemon [_thread_blocked, id=4165, stack(0x00007f94b2ef3000,0x00007f94b2ff4000)]
  0x00007f94bc509800 JavaThread "SparkUI-30-acceptor-0@20fde453-ServerConnector@2e3a1e3c{HTTP/1.1,[http/1.1]}{0.0.0.0:4040}" daemon [_thread_in_native, id=4164, stack(0x00007f94b2ff4000,0x00007f94b30f5000)]
  0x00007f94bc506000 JavaThread "SparkUI-29" daemon [_thread_in_native, id=4163, stack(0x00007f94b30f5000,0x00007f94b31f6000)]
  0x00007f94bc298000 JavaThread "refresh progress" daemon [_thread_blocked, id=4162, stack(0x00007f94b31f6000,0x00007f94b32f7000)]
  0x00007f94bc28a800 JavaThread "RemoteBlock-temp-file-clean-thread" daemon [_thread_blocked, id=4161, stack(0x00007f94b34f7000,0x00007f94b35f8000)]
  0x00007f94bc23f000 JavaThread "map-output-dispatcher-7" daemon [_thread_blocked, id=4160, stack(0x00007f94b35f8000,0x00007f94b36f9000)]
  0x00007f94bc23d000 JavaThread "map-output-dispatcher-6" daemon [_thread_blocked, id=4159, stack(0x00007f94b36f9000,0x00007f94b37fa000)]
  0x00007f94bc23b000 JavaThread "map-output-dispatcher-5" daemon [_thread_blocked, id=4158, stack(0x00007f94b37fa000,0x00007f94b38fb000)]
  0x00007f94bc239800 JavaThread "map-output-dispatcher-4" daemon [_thread_blocked, id=4157, stack(0x00007f94b38fb000,0x00007f94b39fc000)]
  0x00007f94bc238000 JavaThread "map-output-dispatcher-3" daemon [_thread_blocked, id=4156, stack(0x00007f94b39fc000,0x00007f94b3afd000)]
  0x00007f94bc234800 JavaThread "map-output-dispatcher-2" daemon [_thread_blocked, id=4155, stack(0x00007f94b3afd000,0x00007f94b3bfe000)]
  0x00007f94bc234000 JavaThread "map-output-dispatcher-1" daemon [_thread_blocked, id=4154, stack(0x00007f94b3bfe000,0x00007f94b3cff000)]
  0x00007f94bc236000 JavaThread "map-output-dispatcher-0" daemon [_thread_blocked, id=4153, stack(0x00007f94b3cff000,0x00007f94b3e00000)]
  0x00007f94bc1fd800 JavaThread "rpc-server-3-1" daemon [_thread_in_native, id=4152, stack(0x00007f94c8081000,0x00007f94c8182000)]
  0x00007f94bc10c800 JavaThread "dispatcher-event-loop-1" daemon [_thread_blocked, id=4151, stack(0x00007f94c8182000,0x00007f94c8283000)]
  0x00007f94bc10b800 JavaThread "dispatcher-event-loop-0" daemon [_thread_blocked, id=4150, stack(0x00007f94c8283000,0x00007f94c8384000)]
  0x00007f94c0009800 JavaThread "Thread-4" [_thread_blocked, id=4149, stack(0x00007f94c8584000,0x00007f94c8685000)]
  0x00007f94e1146800 JavaThread "Thread-3" [_thread_in_native, id=4148, stack(0x00007f94c8897000,0x00007f94c8998000)]
  0x00007f94e1131800 JavaThread "pool-1-thread-1" [_thread_blocked, id=4147, stack(0x00007f94c8d9a000,0x00007f94c8e9b000)]
  0x00007f94e00c1000 JavaThread "Service Thread" daemon [_thread_blocked, id=4141, stack(0x00007f94cb12c000,0x00007f94cb22d000)]
  0x00007f94e00be000 JavaThread "C1 CompilerThread1" daemon [_thread_blocked, id=4140, stack(0x00007f94cb22e000,0x00007f94cb32e000)]
  0x00007f94e00bc000 JavaThread "C2 CompilerThread0" daemon [_thread_blocked, id=4139, stack(0x00007f94cb32f000,0x00007f94cb42f000)]
  0x00007f94e00ba800 JavaThread "Signal Dispatcher" daemon [_thread_blocked, id=4138, stack(0x00007f94cb42f000,0x00007f94cb530000)]
  0x00007f94e0087000 JavaThread "Finalizer" daemon [_thread_blocked, id=4137, stack(0x00007f94cbeff000,0x00007f94cc000000)]
  0x00007f94e0084800 JavaThread "Reference Handler" daemon [_thread_blocked, id=4136, stack(0x00007f94d00cd000,0x00007f94d01ce000)]
  0x00007f94e0016000 JavaThread "main" [_thread_in_native, id=4134, stack(0x00007f94e739b000,0x00007f94e749b000)]

Other Threads:
=>0x00007f94e007b000 VMThread [stack: 0x00007f94d01cf000,0x00007f94d02cf000] [id=4135]
  0x00007f94e00c4800 WatcherThread [stack: 0x00007f94cb02c000,0x00007f94cb12c000] [id=4142]

VM state:at safepoint (normal execution)

VM Mutex/Monitor currently owned by a thread:  ([mutex/lock_event])
[0x00007f94e0012aa0] Threads_lock - owner thread: 0x00007f94e007b000
[0x00007f94e0012fa0] Heap_lock - owner thread: 0x00007f94c4045000

heap address: 0x00000000c0000000, size: 1024 MB, Compressed Oops mode: 32-bit
Narrow klass base: 0x0000000000000000, Narrow klass shift: 3
Compressed class space size: 1073741824 Address: 0x0000000100000000

Heap:
 def new generation   total 126208K, used 12773K [0x00000000c0000000, 0x00000000c88f0000, 0x00000000d5550000)
  eden space 112192K,  11% used [0x00000000c0000000, 0x00000000c0c79510, 0x00000000c6d90000)
  from space 14016K,   0% used [0x00000000c6d90000, 0x00000000c6d90000, 0x00000000c7b40000)
  to   space 14016K,   0% used [0x00000000c7b40000, 0x00000000c7b40000, 0x00000000c88f0000)
 tenured generation   total 281452K, used 280943K [0x00000000d5550000, 0x00000000e682b000, 0x0000000100000000)
   the space 281452K,  99% used [0x00000000d5550000, 0x00000000e67abdc0, 0x00000000e67abe00, 0x00000000e682b000)
 Metaspace       used 74396K, capacity 75172K, committed 75416K, reserved 1114112K
  class space    used 10931K, capacity 11138K, committed 11184K, reserved 1048576K

Card table byte_map: [0x00007f94d0dff000,0x00007f94d1000000] byte_map_base: 0x00007f94d07ff000

Polling page: 0x00007f94e74b3000

CodeCache: size=245760Kb used=23855Kb max_used=23903Kb free=221904Kb
 bounds [0x00007f94d1000000, 0x00007f94d2790000, 0x00007f94e0000000]
 total_blobs=9030 nmethods=8411 adapters=530
 compilation: enabled

Compilation events (10 events):
Event: 234.161 Thread 0x00007f94e00be000 10039       3       org.apache.spark.status.LiveStage$$anonfun$toApi$1::<init> (5 bytes)
Event: 234.161 Thread 0x00007f94e00be000 nmethod 10039 0x00007f94d166fad0 code [0x00007f94d166fc40, 0x00007f94d166feb0]
Event: 234.161 Thread 0x00007f94e00be000 10040       3       org.apache.spark.status.LiveStage$$anonfun$toApi$2::<init> (5 bytes)
Event: 234.161 Thread 0x00007f94e00be000 nmethod 10040 0x00007f94d15a5d10 code [0x00007f94d15a5e80, 0x00007f94d15a60f0]
Event: 234.162 Thread 0x00007f94e00be000 10041       3       org.apache.spark.status.LiveStage$$anonfun$toApi$3::<init> (5 bytes)
Event: 234.162 Thread 0x00007f94e00be000 nmethod 10041 0x00007f94d15a5810 code [0x00007f94d15a5980, 0x00007f94d15a5bf0]
Event: 234.163 Thread 0x00007f94e00be000 10042       3       org.apache.spark.status.api.v1.StageData::<init> (206 bytes)
Event: 234.163 Thread 0x00007f94e00be000 nmethod 10042 0x00007f94d275fc10 code [0x00007f94d275fd80, 0x00007f94d2760190]
Event: 234.355 Thread 0x00007f94e00be000 10043       1       org.apache.spark.ui.ConsoleProgressBar::lastProgressBar (5 bytes)
Event: 234.355 Thread 0x00007f94e00be000 nmethod 10043 0x00007f94d1ea0c10 code [0x00007f94d1ea0d60, 0x00007f94d1ea0e70]

GC Heap History (10 events):
Event: 126.188 GC heap after
Heap after GC invocations=154 (full 8):
 def new generation   total 126208K, used 2374K [0x00000000c0000000, 0x00000000c88f0000, 0x00000000d5550000)
  eden space 112192K,   0% used [0x00000000c0000000, 0x00000000c0000000, 0x00000000c6d90000)
  from space 14016K,  16% used [0x00000000c7b40000, 0x00000000c7d91940, 0x00000000c88f0000)
  to   space 14016K,   0% used [0x00000000c6d90000, 0x00000000c6d90000, 0x00000000c7b40000)
 tenured generation   total 280384K, used 238798K [0x00000000d5550000, 0x00000000e6720000, 0x0000000100000000)
   the space 280384K,  85% used [0x00000000d5550000, 0x00000000e3e83b50, 0x00000000e3e83c00, 0x00000000e6720000)
 Metaspace       used 74150K, capacity 74952K, committed 75160K, reserved 1114112K
  class space    used 10926K, capacity 11133K, committed 11184K, reserved 1048576K
}
Event: 232.904 GC heap before
{Heap before GC invocations=154 (full 8):
 def new generation   total 126208K, used 113861K [0x00000000c0000000, 0x00000000c88f0000, 0x00000000d5550000)
  eden space 112192K,  99% used [0x00000000c0000000, 0x00000000c6cdfe38, 0x00000000c6d90000)
  from space 14016K,  16% used [0x00000000c7b40000, 0x00000000c7d91940, 0x00000000c88f0000)
  to   space 14016K,   0% used [0x00000000c6d90000, 0x00000000c6d90000, 0x00000000c7b40000)
 tenured generation   total 280384K, used 238798K [0x00000000d5550000, 0x00000000e6720000, 0x0000000100000000)
   the space 280384K,  85% used [0x00000000d5550000, 0x00000000e3e83b50, 0x00000000e3e83c00, 0x00000000e6720000)
 Metaspace       used 74385K, capacity 75172K, committed 75416K, reserved 1114112K
  class space    used 10931K, capacity 11138K, committed 11184K, reserved 1048576K
Event: 232.924 GC heap after
Heap after GC invocations=155 (full 8):
 def new generation   total 126208K, used 6441K [0x00000000c0000000, 0x00000000c88f0000, 0x00000000d5550000)
  eden space 112192K,   0% used [0x00000000c0000000, 0x00000000c0000000, 0x00000000c6d90000)
  from space 14016K,  45% used [0x00000000c6d90000, 0x00000000c73da6a0, 0x00000000c7b40000)
  to   space 14016K,   0% used [0x00000000c7b40000, 0x00000000c7b40000, 0x00000000c88f0000)
 tenured generation   total 280384K, used 238798K [0x00000000d5550000, 0x00000000e6720000, 0x0000000100000000)
   the space 280384K,  85% used [0x00000000d5550000, 0x00000000e3e83b50, 0x00000000e3e83c00, 0x00000000e6720000)
 Metaspace       used 74385K, capacity 75172K, committed 75416K, reserved 1114112K
  class space    used 10931K, capacity 11138K, committed 11184K, reserved 1048576K
}
Event: 233.316 GC heap before
{Heap before GC invocations=155 (full 8):
 def new generation   total 126208K, used 118633K [0x00000000c0000000, 0x00000000c88f0000, 0x00000000d5550000)
  eden space 112192K, 100% used [0x00000000c0000000, 0x00000000c6d90000, 0x00000000c6d90000)
  from space 14016K,  45% used [0x00000000c6d90000, 0x00000000c73da6a0, 0x00000000c7b40000)
  to   space 14016K,   0% used [0x00000000c7b40000, 0x00000000c7b40000, 0x00000000c88f0000)
 tenured generation   total 280384K, used 238798K [0x00000000d5550000, 0x00000000e6720000, 0x0000000100000000)
   the space 280384K,  85% used [0x00000000d5550000, 0x00000000e3e83b50, 0x00000000e3e83c00, 0x00000000e6720000)
 Metaspace       used 74389K, capacity 75172K, committed 75416K, reserved 1114112K
  class space    used 10931K, capacity 11138K, committed 11184K, reserved 1048576K
Event: 233.340 GC heap after
Heap after GC invocations=156 (full 8):
 def new generation   total 126208K, used 14016K [0x00000000c0000000, 0x00000000c88f0000, 0x00000000d5550000)
  eden space 112192K,   0% used [0x00000000c0000000, 0x00000000c0000000, 0x00000000c6d90000)
  from space 14016K, 100% used [0x00000000c7b40000, 0x00000000c88f0000, 0x00000000c88f0000)
  to   space 14016K,   0% used [0x00000000c6d90000, 0x00000000c6d90000, 0x00000000c7b40000)
 tenured generation   total 280384K, used 242333K [0x00000000d5550000, 0x00000000e6720000, 0x0000000100000000)
   the space 280384K,  86% used [0x00000000d5550000, 0x00000000e41f7728, 0x00000000e41f7800, 0x00000000e6720000)
 Metaspace       used 74389K, capacity 75172K, committed 75416K, reserved 1114112K
  class space    used 10931K, capacity 11138K, committed 11184K, reserved 1048576K
}
Event: 233.665 GC heap before
{Heap before GC invocations=156 (full 8):
 def new generation   total 126208K, used 126208K [0x00000000c0000000, 0x00000000c88f0000, 0x00000000d5550000)
  eden space 112192K, 100% used [0x00000000c0000000, 0x00000000c6d90000, 0x00000000c6d90000)
  from space 14016K, 100% used [0x00000000c7b40000, 0x00000000c88f0000, 0x00000000c88f0000)
  to   space 14016K,   0% used [0x00000000c6d90000, 0x00000000c6d90000, 0x00000000c7b40000)
 tenured generation   total 280384K, used 242333K [0x00000000d5550000, 0x00000000e6720000, 0x0000000100000000)
   the space 280384K,  86% used [0x00000000d5550000, 0x00000000e41f7728, 0x00000000e41f7800, 0x00000000e6720000)
 Metaspace       used 74389K, capacity 75172K, committed 75416K, reserved 1114112K
  class space    used 10931K, capacity 11138K, committed 11184K, reserved 1048576K
Event: 233.683 GC heap after
Heap after GC invocations=157 (full 8):
 def new generation   total 126208K, used 12987K [0x00000000c0000000, 0x00000000c88f0000, 0x00000000d5550000)
  eden space 112192K,   0% used [0x00000000c0000000, 0x00000000c0000000, 0x00000000c6d90000)
  from space 14016K,  92% used [0x00000000c6d90000, 0x00000000c7a3edd0, 0x00000000c7b40000)
  to   space 14016K,   0% used [0x00000000c7b40000, 0x00000000c7b40000, 0x00000000c88f0000)
 tenured generation   total 280384K, used 256849K [0x00000000d5550000, 0x00000000e6720000, 0x0000000100000000)
   the space 280384K,  91% used [0x00000000d5550000, 0x00000000e5024530, 0x00000000e5024600, 0x00000000e6720000)
 Metaspace       used 74389K, capacity 75172K, committed 75416K, reserved 1114112K
  class space    used 10931K, capacity 11138K, committed 11184K, reserved 1048576K
}
Event: 233.888 GC heap before
{Heap before GC invocations=157 (full 8):
 def new generation   total 126208K, used 124884K [0x00000000c0000000, 0x00000000c88f0000, 0x00000000d5550000)
  eden space 112192K,  99% used [0x00000000c0000000, 0x00000000c6d46360, 0x00000000c6d90000)
  from space 14016K,  92% used [0x00000000c6d90000, 0x00000000c7a3edd0, 0x00000000c7b40000)
  to   space 14016K,   0% used [0x00000000c7b40000, 0x00000000c7b40000, 0x00000000c88f0000)
 tenured generation   total 280384K, used 256849K [0x00000000d5550000, 0x00000000e6720000, 0x0000000100000000)
   the space 280384K,  91% used [0x00000000d5550000, 0x00000000e5024530, 0x00000000e5024600, 0x00000000e6720000)
 Metaspace       used 74389K, capacity 75172K, committed 75416K, reserved 1114112K
  class space    used 10931K, capacity 11138K, committed 11184K, reserved 1048576K
Event: 233.913 GC heap after
Heap after GC invocations=158 (full 8):
 def new generation   total 126208K, used 14015K [0x00000000c0000000, 0x00000000c88f0000, 0x00000000d5550000)
  eden space 112192K,   0% used [0x00000000c0000000, 0x00000000c0000000, 0x00000000c6d90000)
  from space 14016K,  99% used [0x00000000c7b40000, 0x00000000c88efff8, 0x00000000c88f0000)
  to   space 14016K,   0% used [0x00000000c6d90000, 0x00000000c6d90000, 0x00000000c7b40000)
 tenured generation   total 280384K, used 267598K [0x00000000d5550000, 0x00000000e6720000, 0x0000000100000000)
   the space 280384K,  95% used [0x00000000d5550000, 0x00000000e5aa3b40, 0x00000000e5aa3c00, 0x00000000e6720000)
 Metaspace       used 74389K, capacity 75172K, committed 75416K, reserved 1114112K
  class space    used 10931K, capacity 11138K, committed 11184K, reserved 1048576K
}
Event: 234.375 GC heap before
{Heap before GC invocations=158 (full 8):
 def new generation   total 126208K, used 126207K [0x00000000c0000000, 0x00000000c88f0000, 0x00000000d5550000)
  eden space 112192K, 100% used [0x00000000c0000000, 0x00000000c6d90000, 0x00000000c6d90000)
  from space 14016K,  99% used [0x00000000c7b40000, 0x00000000c88efff8, 0x00000000c88f0000)
  to   space 14016K,   0% used [0x00000000c6d90000, 0x00000000c6d90000, 0x00000000c7b40000)
 tenured generation   total 280384K, used 267598K [0x00000000d5550000, 0x00000000e6720000, 0x0000000100000000)
   the space 280384K,  95% used [0x00000000d5550000, 0x00000000e5aa3b40, 0x00000000e5aa3c00, 0x00000000e6720000)
 Metaspace       used 74396K, capacity 75172K, committed 75416K, reserved 1114112K
  class space    used 10931K, capacity 11138K, committed 11184K, reserved 1048576K

Deoptimization events (10 events):
Event: 105.103 Thread 0x00007f94c0009800 Uncommon trap: reason=class_check action=maybe_recompile pc=0x00007f94d22e90dc method=org.apache.spark.sql.catalyst.trees.TreeNode.org$apache$spark$sql$catalyst$trees$TreeNode$$mapChild$2(Ljava/lang/Object;Lscala/Function1;Lscala/runtime/BooleanRef;)Ljava
Event: 105.130 Thread 0x00007f94c0009800 Uncommon trap: reason=class_check action=maybe_recompile pc=0x00007f94d1f1e3a8 method=java.util.regex.Pattern$Curly.match1(Ljava/util/regex/Matcher;IILjava/lang/CharSequence;)Z @ 34
Event: 105.130 Thread 0x00007f94c0009800 Uncommon trap: reason=class_check action=maybe_recompile pc=0x00007f94d1f1e430 method=java.util.regex.Pattern$Curly.match1(Ljava/util/regex/Matcher;IILjava/lang/CharSequence;)Z @ 8
Event: 105.130 Thread 0x00007f94c0009800 Uncommon trap: reason=unstable_if action=reinterpret pc=0x00007f94d1f1e760 method=java.util.regex.Pattern$Curly.match1(Ljava/util/regex/Matcher;IILjava/lang/CharSequence;)Z @ 11
Event: 105.284 Thread 0x00007f94c402e000 Uncommon trap: reason=unstable_if action=reinterpret pc=0x00007f94d1db912c method=org.apache.spark.unsafe.array.ByteArrayMethods.arrayEquals(Ljava/lang/Object;JLjava/lang/Object;JJ)Z @ 178
Event: 105.284 Thread 0x00007f94c402e000 Uncommon trap: reason=unstable_if action=reinterpret pc=0x00007f94d1db896c method=org.apache.spark.unsafe.array.ByteArrayMethods.arrayEquals(Ljava/lang/Object;JLjava/lang/Object;JJ)Z @ 178
Event: 105.369 Thread 0x00007f94c0009800 Uncommon trap: reason=unstable_if action=reinterpret pc=0x00007f94d19f384c method=java.util.regex.Pattern.inRange(III)Z @ 2
Event: 124.149 Thread 0x00007f94e1131800 Uncommon trap: reason=class_check action=maybe_recompile pc=0x00007f94d1e09700 method=java.util.concurrent.locks.ReentrantLock.lock()V @ 4
Event: 154.150 Thread 0x00007f94e1131800 Uncommon trap: reason=class_check action=maybe_recompile pc=0x00007f94d1e09700 method=java.util.concurrent.locks.ReentrantLock.lock()V @ 4
Event: 232.652 Thread 0x00007f94c0009800 Uncommon trap: reason=class_check action=maybe_recompile pc=0x00007f94d2575298 method=scala.runtime.BoxesRunTime.typeCode(Ljava/lang/Object;)I @ 20

Classes redefined (0 events):
No events

Internal exceptions (10 events):
Event: 27.169 Thread 0x00007f94bc10b800 Exception <a 'java/lang/NoSuchMethodError': <clinit>> (0x00000000c01c7198) thrown at [/HUDSON/workspace/8-2-build-linux-amd64/jdk8u201/12317/hotspot/src/share/vm/prims/jni.cpp, line 1613]
Event: 27.175 Thread 0x00007f94bc10b800 Exception <a 'java/lang/NoSuchMethodError': <clinit>> (0x00000000c01de4d8) thrown at [/HUDSON/workspace/8-2-build-linux-amd64/jdk8u201/12317/hotspot/src/share/vm/prims/jni.cpp, line 1613]
Event: 27.175 Thread 0x00007f94bc10b800 Exception <a 'java/lang/NoSuchMethodError': <clinit>> (0x00000000c01e1b08) thrown at [/HUDSON/workspace/8-2-build-linux-amd64/jdk8u201/12317/hotspot/src/share/vm/prims/jni.cpp, line 1613]
Event: 27.176 Thread 0x00007f94bc10b800 Exception <a 'java/lang/NoSuchMethodError': <clinit>> (0x00000000c01ec448) thrown at [/HUDSON/workspace/8-2-build-linux-amd64/jdk8u201/12317/hotspot/src/share/vm/prims/jni.cpp, line 1613]
Event: 27.176 Thread 0x00007f94bc10b800 Exception <a 'java/lang/NoSuchMethodError': <clinit>> (0x00000000c01ffbc0) thrown at [/HUDSON/workspace/8-2-build-linux-amd64/jdk8u201/12317/hotspot/src/share/vm/prims/jni.cpp, line 1613]
Event: 39.111 Thread 0x00007f94c402e000 Exception <a 'java/lang/NoSuchMethodError': <clinit>> (0x00000000c5362a08) thrown at [/HUDSON/workspace/8-2-build-linux-amd64/jdk8u201/12317/hotspot/src/share/vm/prims/jni.cpp, line 1613]
Event: 39.124 Thread 0x00007f94c402e000 Exception <a 'java/lang/NoSuchMethodError': <clinit>> (0x00000000c5432668) thrown at [/HUDSON/workspace/8-2-build-linux-amd64/jdk8u201/12317/hotspot/src/share/vm/prims/jni.cpp, line 1613]
Event: 39.417 Thread 0x00007f94bc10b800 Exception <a 'java/lang/NoSuchMethodError': <clinit>> (0x00000000c558d958) thrown at [/HUDSON/workspace/8-2-build-linux-amd64/jdk8u201/12317/hotspot/src/share/vm/prims/jni.cpp, line 1613]
Event: 39.418 Thread 0x00007f94bc10b800 Exception <a 'java/lang/NoSuchMethodError': <clinit>> (0x00000000c559da88) thrown at [/HUDSON/workspace/8-2-build-linux-amd64/jdk8u201/12317/hotspot/src/share/vm/prims/jni.cpp, line 1613]
Event: 39.694 Thread 0x00007f94c402e000 Exception <a 'java/lang/NoSuchMethodError': <clinit>> (0x00000000c696e360) thrown at [/HUDSON/workspace/8-2-build-linux-amd64/jdk8u201/12317/hotspot/src/share/vm/prims/jni.cpp, line 1613]

Events (10 events):
Event: 234.162 Thread 0x00007f94e00be000 flushing nmethod 0x00007f94d1c2c190
Event: 234.163 Thread 0x00007f94e00be000 flushing nmethod 0x00007f94d1d82e90
Event: 234.163 Thread 0x00007f94e00be000 flushing nmethod 0x00007f94d1db86d0
Event: 234.163 Thread 0x00007f94e00be000 flushing nmethod 0x00007f94d1db8d10
Event: 234.163 Thread 0x00007f94e00be000 flushing nmethod 0x00007f94d1e22d10
Event: 234.163 Thread 0x00007f94e00be000 flushing nmethod 0x00007f94d1e488d0
Event: 234.163 Thread 0x00007f94e00be000 flushing nmethod 0x00007f94d1ea0c10
Event: 234.355 Thread 0x00007f94e00be000 flushing nmethod 0x00007f94d1f1d890
Event: 234.360 Thread 0x00007f94e00be000 flushing nmethod 0x00007f94d201a350
Event: 234.375 Executing VM operation: GenCollectForAllocation


Dynamic libraries:
00400000-00401000 r-xp 00000000 08:01 945797                             /usr/lib/jvm/java-8-oracle/bin/java
00600000-00601000 r--p 00000000 08:01 945797                             /usr/lib/jvm/java-8-oracle/bin/java
00601000-00602000 rw-p 00001000 08:01 945797                             /usr/lib/jvm/java-8-oracle/bin/java
0253e000-025c8000 rw-p 00000000 00:00 0                                  [heap]
c0000000-c88f0000 rw-p 00000000 00:00 0 
c88f0000-d5550000 ---p 00000000 00:00 0 
d5550000-e682b000 rw-p 00000000 00:00 0 
f1e94000-100000000 ---p 00000000 00:00 0 
100000000-100aec000 rw-p 00000000 00:00 0 
100aec000-140000000 ---p 00000000 00:00 0 
7f949e226000-7f949e2e6000 rw-p 00000000 00:00 0 
7f949e2e6000-7f949e426000 ---p 00000000 00:00 0 
7f949fa3c000-7f949fa3f000 ---p 00000000 00:00 0 
7f949fa3f000-7f949fb3d000 rw-p 00000000 00:00 0 
7f94a0345000-7f94a0348000 ---p 00000000 00:00 0 
7f94a0348000-7f94a0446000 rw-p 00000000 00:00 0 
7f94a094b000-7f94a094e000 ---p 00000000 00:00 0 
7f94a094e000-7f94a0a4c000 rw-p 00000000 00:00 0 
7f94a0e50000-7f94a0e53000 ---p 00000000 00:00 0 
7f94a0e53000-7f94a0f51000 rw-p 00000000 00:00 0 
7f94a1052000-7f94a1055000 ---p 00000000 00:00 0 
7f94a1055000-7f94a1153000 rw-p 00000000 00:00 0 
7f94a1153000-7f94a1156000 ---p 00000000 00:00 0 
7f94a1156000-7f94a1254000 rw-p 00000000 00:00 0 
7f94a1759000-7f94a175c000 ---p 00000000 00:00 0 
7f94a175c000-7f94a185a000 rw-p 00000000 00:00 0 
7f94a185a000-7f94a185d000 ---p 00000000 00:00 0 
7f94a185d000-7f94a195b000 rw-p 00000000 00:00 0 
7f94a195b000-7f94a195e000 ---p 00000000 00:00 0 
7f94a195e000-7f94a1a5c000 rw-p 00000000 00:00 0 
7f94a1a5c000-7f94a1a5f000 ---p 00000000 00:00 0 
7f94a1a5f000-7f94a1b5d000 rw-p 00000000 00:00 0 
7f94a1e60000-7f94a1e63000 ---p 00000000 00:00 0 
7f94a1e63000-7f94a1f61000 rw-p 00000000 00:00 0 
7f94a1f61000-7f94a1f64000 ---p 00000000 00:00 0 
7f94a1f64000-7f94a2062000 rw-p 00000000 00:00 0 
7f94a2062000-7f94a2065000 ---p 00000000 00:00 0 
7f94a2065000-7f94a2163000 rw-p 00000000 00:00 0 
7f94a2466000-7f94a2469000 ---p 00000000 00:00 0 
7f94a2469000-7f94a2567000 rw-p 00000000 00:00 0 
7f94a2567000-7f94a256a000 ---p 00000000 00:00 0 
7f94a256a000-7f94a2668000 rw-p 00000000 00:00 0 
7f94a2668000-7f94a266b000 ---p 00000000 00:00 0 
7f94a266b000-7f94a2769000 rw-p 00000000 00:00 0 
7f94a2769000-7f94a276c000 ---p 00000000 00:00 0 
7f94a276c000-7f94a286a000 rw-p 00000000 00:00 0 
7f94a286a000-7f94a286d000 ---p 00000000 00:00 0 
7f94a286d000-7f94a296b000 rw-p 00000000 00:00 0 
7f94a2b6d000-7f94a2b70000 ---p 00000000 00:00 0 
7f94a2b70000-7f94a2c6e000 rw-p 00000000 00:00 0 
7f94a2f71000-7f94a2f74000 ---p 00000000 00:00 0 
7f94a2f74000-7f94a3072000 rw-p 00000000 00:00 0 
7f94a3072000-7f94a3075000 ---p 00000000 00:00 0 
7f94a3075000-7f94a3173000 rw-p 00000000 00:00 0 
7f94a3173000-7f94a3176000 ---p 00000000 00:00 0 
7f94a3176000-7f94a3274000 rw-p 00000000 00:00 0 
7f94a3274000-7f94a3277000 ---p 00000000 00:00 0 
7f94a3277000-7f94a3375000 rw-p 00000000 00:00 0 
7f94a3678000-7f94a367b000 ---p 00000000 00:00 0 
7f94a367b000-7f94a3779000 rw-p 00000000 00:00 0 
7f94a3a7c000-7f94a3a7f000 ---p 00000000 00:00 0 
7f94a3a7f000-7f94a3b7d000 rw-p 00000000 00:00 0 
7f94a3b7d000-7f94a3b80000 ---p 00000000 00:00 0 
7f94a3b80000-7f94a3c7e000 rw-p 00000000 00:00 0 
7f94a4082000-7f94a4085000 ---p 00000000 00:00 0 
7f94a4085000-7f94a4183000 rw-p 00000000 00:00 0 
7f94a4183000-7f94a4186000 ---p 00000000 00:00 0 
7f94a4186000-7f94a4284000 rw-p 00000000 00:00 0 
7f94a4688000-7f94a468b000 ---p 00000000 00:00 0 
7f94a468b000-7f94a4789000 rw-p 00000000 00:00 0 
7f94a4789000-7f94a478c000 ---p 00000000 00:00 0 
7f94a478c000-7f94a488a000 rw-p 00000000 00:00 0 
7f94a4b8d000-7f94a4b90000 ---p 00000000 00:00 0 
7f94a4b90000-7f94a4c8e000 rw-p 00000000 00:00 0 
7f94a85c7000-7f94a87c7000 rw-p 00000000 00:00 0 
7f94a9ede000-7f94a9ee1000 ---p 00000000 00:00 0 
7f94a9ee1000-7f94a9fdf000 rw-p 00000000 00:00 0 
7f94aa2e2000-7f94aa2e5000 ---p 00000000 00:00 0 
7f94aa2e5000-7f94aa3e3000 rw-p 00000000 00:00 0 
7f94aa4e4000-7f94aa4e7000 ---p 00000000 00:00 0 
7f94aa4e7000-7f94aa5e5000 rw-p 00000000 00:00 0 
7f94aa5e5000-7f94aa5e8000 ---p 00000000 00:00 0 
7f94aa5e8000-7f94aa6e6000 rw-p 00000000 00:00 0 
7f94aa8e8000-7f94aa8eb000 ---p 00000000 00:00 0 
7f94aa8eb000-7f94aa9e9000 rw-p 00000000 00:00 0 
7f94aa9e9000-7f94aa9ec000 ---p 00000000 00:00 0 
7f94aa9ec000-7f94aaaea000 rw-p 00000000 00:00 0 
7f94aaaea000-7f94aaaed000 ---p 00000000 00:00 0 
7f94aaaed000-7f94aabeb000 rw-p 00000000 00:00 0 
7f94aacec000-7f94aacef000 ---p 00000000 00:00 0 
7f94aacef000-7f94aaded000 rw-p 00000000 00:00 0 
7f94aaded000-7f94aadf0000 ---p 00000000 00:00 0 
7f94aadf0000-7f94aaeee000 rw-p 00000000 00:00 0 
7f94ab0f0000-7f94ab0f3000 ---p 00000000 00:00 0 
7f94ab0f3000-7f94ab1f1000 rw-p 00000000 00:00 0 
7f94ab1f1000-7f94ab1f4000 ---p 00000000 00:00 0 
7f94ab1f4000-7f94ab4f2000 rw-p 00000000 00:00 0 
7f94ab4f2000-7f94ab4f5000 ---p 00000000 00:00 0 
7f94ab4f5000-7f94ab7f3000 rw-p 00000000 00:00 0 
7f94ab7f3000-7f94ab800000 r-xp 00000000 08:01 1709994                    /tmp/liblz4-java7357473626453027220.so
7f94ab800000-7f94ab9ff000 ---p 0000d000 08:01 1709994                    /tmp/liblz4-java7357473626453027220.so
7f94ab9ff000-7f94aba00000 rw-p 0000c000 08:01 1709994                    /tmp/liblz4-java7357473626453027220.so
7f94aba00000-7f94abc00000 rw-p 00000000 00:00 0 
7f94abc00000-7f94abe00000 rw-p 00000000 00:00 0 
7f94abe00000-7f94ac000000 rw-p 00000000 00:00 0 
7f94ac000000-7f94ac033000 rw-p 00000000 00:00 0 
7f94ac033000-7f94b0000000 ---p 00000000 00:00 0 
7f94b00e1000-7f94b02dd000 rw-p 00000000 00:00 0 
7f94b02dd000-7f94b02e1000 ---p 00000000 00:00 0 
7f94b02e1000-7f94b04e1000 rw-p 00000000 00:00 0 
7f94b04e1000-7f94b06e1000 rw-p 00000000 00:00 0 
7f94b06e1000-7f94b08e1000 rw-p 00000000 00:00 0 
7f94b08e1000-7f94b0ae1000 rw-p 00000000 00:00 0 
7f94b0ae1000-7f94b0ce1000 rw-p 00000000 00:00 0 
7f94b0ce1000-7f94b0ee1000 rw-p 00000000 00:00 0 
7f94b0ee1000-7f94b0ee4000 ---p 00000000 00:00 0 
7f94b0ee4000-7f94b11e2000 rw-p 00000000 00:00 0 
7f94b11e2000-7f94b11e5000 ---p 00000000 00:00 0 
7f94b11e5000-7f94b14e3000 rw-p 00000000 00:00 0 
7f94b14e3000-7f94b16e3000 rw-p 00000000 00:00 0 
7f94b16e3000-7f94b18e1000 rw-p 00000000 00:00 0 
7f94b18e1000-7f94b18e3000 ---p 00000000 00:00 0 
7f94b18e3000-7f94b18e6000 ---p 00000000 00:00 0 
7f94b18e6000-7f94b19e4000 rw-p 00000000 00:00 0 
7f94b19e4000-7f94b19e7000 ---p 00000000 00:00 0 
7f94b19e7000-7f94b1ae5000 rw-p 00000000 00:00 0 
7f94b1ae5000-7f94b1ae8000 ---p 00000000 00:00 0 
7f94b1ae8000-7f94b1be6000 rw-p 00000000 00:00 0 
7f94b1be6000-7f94b1be9000 ---p 00000000 00:00 0 
7f94b1be9000-7f94b1ce7000 rw-p 00000000 00:00 0 
7f94b1ce7000-7f94b1cea000 ---p 00000000 00:00 0 
7f94b1cea000-7f94b1fe8000 rw-p 00000000 00:00 0 
7f94b1fe8000-7f94b21e8000 rw-p 00000000 00:00 0 
7f94b21e8000-7f94b21eb000 ---p 00000000 00:00 0 
7f94b21eb000-7f94b22e9000 rw-p 00000000 00:00 0 
7f94b22e9000-7f94b22ec000 ---p 00000000 00:00 0 
7f94b22ec000-7f94b23ea000 rw-p 00000000 00:00 0 
7f94b23ea000-7f94b23ed000 ---p 00000000 00:00 0 
7f94b23ed000-7f94b24eb000 rw-p 00000000 00:00 0 
7f94b24eb000-7f94b24ee000 ---p 00000000 00:00 0 
7f94b24ee000-7f94b25ec000 rw-p 00000000 00:00 0 
7f94b25ec000-7f94b25ef000 ---p 00000000 00:00 0 
7f94b25ef000-7f94b26ed000 rw-p 00000000 00:00 0 
7f94b26ed000-7f94b26f0000 ---p 00000000 00:00 0 
7f94b26f0000-7f94b29ee000 rw-p 00000000 00:00 0 
7f94b29ee000-7f94b29f1000 ---p 00000000 00:00 0 
7f94b29f1000-7f94b2aef000 rw-p 00000000 00:00 0 
7f94b2aef000-7f94b2af2000 ---p 00000000 00:00 0 
7f94b2af2000-7f94b2bf0000 rw-p 00000000 00:00 0 
7f94b2bf0000-7f94b2bf3000 ---p 00000000 00:00 0 
7f94b2bf3000-7f94b2cf1000 rw-p 00000000 00:00 0 
7f94b2cf1000-7f94b2cf4000 ---p 00000000 00:00 0 
7f94b2cf4000-7f94b2df2000 rw-p 00000000 00:00 0 
7f94b2df2000-7f94b2df5000 ---p 00000000 00:00 0 
7f94b2df5000-7f94b2ef3000 rw-p 00000000 00:00 0 
7f94b2ef3000-7f94b2ef6000 ---p 00000000 00:00 0 
7f94b2ef6000-7f94b2ff4000 rw-p 00000000 00:00 0 
7f94b2ff4000-7f94b2ff7000 ---p 00000000 00:00 0 
7f94b2ff7000-7f94b30f5000 rw-p 00000000 00:00 0 
7f94b30f5000-7f94b30f8000 ---p 00000000 00:00 0 
7f94b30f8000-7f94b31f6000 rw-p 00000000 00:00 0 
7f94b31f6000-7f94b31f9000 ---p 00000000 00:00 0 
7f94b31f9000-7f94b34f7000 rw-p 00000000 00:00 0 
7f94b34f7000-7f94b34fa000 ---p 00000000 00:00 0 
7f94b34fa000-7f94b35f8000 rw-p 00000000 00:00 0 
7f94b35f8000-7f94b35fb000 ---p 00000000 00:00 0 
7f94b35fb000-7f94b36f9000 rw-p 00000000 00:00 0 
7f94b36f9000-7f94b36fc000 ---p 00000000 00:00 0 
7f94b36fc000-7f94b37fa000 rw-p 00000000 00:00 0 
7f94b37fa000-7f94b37fd000 ---p 00000000 00:00 0 
7f94b37fd000-7f94b38fb000 rw-p 00000000 00:00 0 
7f94b38fb000-7f94b38fe000 ---p 00000000 00:00 0 
7f94b38fe000-7f94b39fc000 rw-p 00000000 00:00 0 
7f94b39fc000-7f94b39ff000 ---p 00000000 00:00 0 
7f94b39ff000-7f94b3afd000 rw-p 00000000 00:00 0 
7f94b3afd000-7f94b3b00000 ---p 00000000 00:00 0 
7f94b3b00000-7f94b3bfe000 rw-p 00000000 00:00 0 
7f94b3bfe000-7f94b3c01000 ---p 00000000 00:00 0 
7f94b3c01000-7f94b3cff000 rw-p 00000000 00:00 0 
7f94b3cff000-7f94b3d02000 ---p 00000000 00:00 0 
7f94b3d02000-7f94b4000000 rw-p 00000000 00:00 0 
7f94b4000000-7f94b5ab3000 rw-p 00000000 00:00 0 
7f94b5ab3000-7f94b8000000 ---p 00000000 00:00 0 
7f94b8000000-7f94b8db3000 rw-p 00000000 00:00 0 
7f94b8db3000-7f94bc000000 ---p 00000000 00:00 0 
7f94bc000000-7f94bd291000 rw-p 00000000 00:00 0 
7f94bd291000-7f94c0000000 ---p 00000000 00:00 0 
7f94c0000000-7f94c00dc000 rw-p 00000000 00:00 0 
7f94c00dc000-7f94c4000000 ---p 00000000 00:00 0 
7f94c4000000-7f94c40a3000 rw-p 00000000 00:00 0 
7f94c40a3000-7f94c8000000 ---p 00000000 00:00 0 
7f94c806e000-7f94c8081000 r--s 00345000 08:01 946359                     /usr/lib/jvm/java-8-oracle/jre/lib/resources.jar
7f94c8081000-7f94c8084000 ---p 00000000 00:00 0 
7f94c8084000-7f94c8182000 rw-p 00000000 00:00 0 
7f94c8182000-7f94c8185000 ---p 00000000 00:00 0 
7f94c8185000-7f94c8283000 rw-p 00000000 00:00 0 
7f94c8283000-7f94c8286000 ---p 00000000 00:00 0 
7f94c8286000-7f94c8584000 rw-p 00000000 00:00 0 
7f94c8584000-7f94c8587000 ---p 00000000 00:00 0 
7f94c8587000-7f94c8685000 rw-p 00000000 00:00 0 
7f94c8685000-7f94c8696000 r-xp 00000000 08:01 281981                     /usr/lib/jvm/java-8-oracle/jre/lib/amd64/libnio.so
7f94c8696000-7f94c8895000 ---p 00011000 08:01 281981                     /usr/lib/jvm/java-8-oracle/jre/lib/amd64/libnio.so
7f94c8895000-7f94c8896000 r--p 00010000 08:01 281981                     /usr/lib/jvm/java-8-oracle/jre/lib/amd64/libnio.so
7f94c8896000-7f94c8897000 rw-p 00011000 08:01 281981                     /usr/lib/jvm/java-8-oracle/jre/lib/amd64/libnio.so
7f94c8897000-7f94c889a000 ---p 00000000 00:00 0 
7f94c889a000-7f94c8b98000 rw-p 00000000 00:00 0 
7f94c8b98000-7f94c8b99000 r-xp 00000000 08:01 281963                     /usr/lib/jvm/java-8-oracle/jre/lib/amd64/libjaas_unix.so
7f94c8b99000-7f94c8d98000 ---p 00001000 08:01 281963                     /usr/lib/jvm/java-8-oracle/jre/lib/amd64/libjaas_unix.so
7f94c8d98000-7f94c8d99000 r--p 00000000 08:01 281963                     /usr/lib/jvm/java-8-oracle/jre/lib/amd64/libjaas_unix.so
7f94c8d99000-7f94c8d9a000 rw-p 00001000 08:01 281963                     /usr/lib/jvm/java-8-oracle/jre/lib/amd64/libjaas_unix.so
7f94c8d9a000-7f94c8d9d000 ---p 00000000 00:00 0 
7f94c8d9d000-7f94c8e9b000 rw-p 00000000 00:00 0 
7f94c8ed4000-7f94c90d4000 rw-p 00000000 00:00 0 
7f94c90d4000-7f94c90dd000 r-xp 00000000 08:01 281986                     /usr/lib/jvm/java-8-oracle/jre/lib/amd64/libmanagement.so
7f94c90dd000-7f94c92dc000 ---p 00009000 08:01 281986                     /usr/lib/jvm/java-8-oracle/jre/lib/amd64/libmanagement.so
7f94c92dc000-7f94c92dd000 r--p 00008000 08:01 281986                     /usr/lib/jvm/java-8-oracle/jre/lib/amd64/libmanagement.so
7f94c92dd000-7f94c92de000 rw-p 00009000 08:01 281986                     /usr/lib/jvm/java-8-oracle/jre/lib/amd64/libmanagement.so
7f94c92de000-7f94c94de000 rw-p 00000000 00:00 0 
7f94c94de000-7f94c94ed000 r-xp 00000000 08:01 1837203                    /lib/x86_64-linux-gnu/libnss_myhostname.so.2
7f94c94ed000-7f94c96ed000 ---p 0000f000 08:01 1837203                    /lib/x86_64-linux-gnu/libnss_myhostname.so.2
7f94c96ed000-7f94c96f0000 r--p 0000f000 08:01 1837203                    /lib/x86_64-linux-gnu/libnss_myhostname.so.2
7f94c96f0000-7f94c96f1000 rw-p 00012000 08:01 1837203                    /lib/x86_64-linux-gnu/libnss_myhostname.so.2
7f94c96f1000-7f94c9708000 r-xp 00000000 08:01 1840886                    /lib/x86_64-linux-gnu/libresolv-2.27.so
7f94c9708000-7f94c9908000 ---p 00017000 08:01 1840886                    /lib/x86_64-linux-gnu/libresolv-2.27.so
7f94c9908000-7f94c9909000 r--p 00017000 08:01 1840886                    /lib/x86_64-linux-gnu/libresolv-2.27.so
7f94c9909000-7f94c990a000 rw-p 00018000 08:01 1840886                    /lib/x86_64-linux-gnu/libresolv-2.27.so
7f94c990a000-7f94c990c000 rw-p 00000000 00:00 0 
7f94c990c000-7f94c9911000 r-xp 00000000 08:01 1840835                    /lib/x86_64-linux-gnu/libnss_dns-2.27.so
7f94c9911000-7f94c9b11000 ---p 00005000 08:01 1840835                    /lib/x86_64-linux-gnu/libnss_dns-2.27.so
7f94c9b11000-7f94c9b12000 r--p 00005000 08:01 1840835                    /lib/x86_64-linux-gnu/libnss_dns-2.27.so
7f94c9b12000-7f94c9b13000 rw-p 00006000 08:01 1840835                    /lib/x86_64-linux-gnu/libnss_dns-2.27.so
7f94c9b13000-7f94c9b15000 r-xp 00000000 08:01 1840843                    /lib/x86_64-linux-gnu/libnss_mdns4_minimal.so.2
7f94c9b15000-7f94c9d14000 ---p 00002000 08:01 1840843                    /lib/x86_64-linux-gnu/libnss_mdns4_minimal.so.2
7f94c9d14000-7f94c9d15000 r--p 00001000 08:01 1840843                    /lib/x86_64-linux-gnu/libnss_mdns4_minimal.so.2
7f94c9d15000-7f94c9d16000 rw-p 00002000 08:01 1840843                    /lib/x86_64-linux-gnu/libnss_mdns4_minimal.so.2
7f94c9d24000-7f94c9d27000 r--s 0001a000 08:01 946377                     /usr/lib/jvm/java-8-oracle/jre/lib/jce.jar
7f94c9d27000-7f94c9d2b000 r--s 000a1000 08:01 946371                     /usr/lib/jvm/java-8-oracle/jre/lib/jsse.jar
7f94c9d2b000-7f94c9d41000 r-xp 00000000 08:01 281978                     /usr/lib/jvm/java-8-oracle/jre/lib/amd64/libnet.so
7f94c9d41000-7f94c9f41000 ---p 00016000 08:01 281978                     /usr/lib/jvm/java-8-oracle/jre/lib/amd64/libnet.so
7f94c9f41000-7f94c9f42000 r--p 00016000 08:01 281978                     /usr/lib/jvm/java-8-oracle/jre/lib/amd64/libnet.so
7f94c9f42000-7f94c9f43000 rw-p 00017000 08:01 281978                     /usr/lib/jvm/java-8-oracle/jre/lib/amd64/libnet.so
7f94c9f43000-7f94ca143000 rw-p 00000000 00:00 0 
7f94ca143000-7f94ca165000 r--s 0019a000 08:01 1457657                    /home/batprem/.conda/envs/DataSci/lib/python3.6/site-packages/pyspark/jars/spark-hive-thriftserver_2.11-2.4.0.jar
7f94ca165000-7f94ca169000 r--s 0003c000 08:01 1457576                    /home/batprem/.conda/envs/DataSci/lib/python3.6/site-packages/pyspark/jars/jackson-core-2.6.7.jar
7f94ca169000-7f94ca16b000 r--s 0000e000 08:01 1442042                    /home/batprem/.conda/envs/DataSci/lib/python3.6/site-packages/pyspark/jars/commons-logging-1.1.3.jar
7f94ca16b000-7f94ca178000 r--s 000b1000 08:01 1457632                    /home/batprem/.conda/envs/DataSci/lib/python3.6/site-packages/pyspark/jars/hadoop-mapreduce-client-common-2.7.3.jar
7f94ca178000-7f94ca17b000 r--s 00028000 08:01 1448288                    /home/batprem/.conda/envs/DataSci/lib/python3.6/site-packages/pyspark/jars/stream-2.7.0.jar
7f94ca17b000-7f94ca186000 r--s 000c5000 08:01 1457637                    /home/batprem/.conda/envs/DataSci/lib/python3.6/site-packages/pyspark/jars/parquet-encoding-1.10.0.jar
7f94ca186000-7f94ca27a000 r--s 00be3000 08:01 1457684                    /home/batprem/.conda/envs/DataSci/lib/python3.6/site-packages/pyspark/jars/spark-core_2.11-2.4.0.jar
7f94ca27a000-7f94ca282000 r--s 0005d000 08:01 1457599                    /home/batprem/.conda/envs/DataSci/lib/python3.6/site-packages/pyspark/jars/kryo-shaded-4.0.2.jar
7f94ca282000-7f94ca285000 r--s 00019000 08:01 1448226                    /home/batprem/.conda/envs/DataSci/lib/python3.6/site-packages/pyspark/jars/bonecp-0.8.0.RELEASE.jar
7f94ca285000-7f94ca287000 r--s 00007000 08:01 1442012                    /home/batprem/.conda/envs/DataSci/lib/python3.6/site-packages/pyspark/jars/paranamer-2.8.jar
7f94ca287000-7f94ca28e000 r--s 00053000 08:01 1457593                    /home/batprem/.conda/envs/DataSci/lib/python3.6/site-packages/pyspark/jars/commons-compress-1.8.1.jar
7f94ca28e000-7f94ca2cf000 r--s 006c0000 08:01 1457677                    /home/batprem/.conda/envs/DataSci/lib/python3.6/site-packages/pyspark/jars/mesos-1.4.0-shaded-protobuf.jar
7f94ca2cf000-7f94ca3a7000 r--s 00d92000 08:01 1457685                    /home/batprem/.conda/envs/DataSci/lib/python3.6/site-packages/pyspark/jars/breeze_2.11-0.13.2.jar
7f94ca3a7000-7f94ca3c8000 r--s 0015c000 08:01 1457652                    /home/batprem/.conda/envs/DataSci/lib/python3.6/site-packages/pyspark/jars/avro-1.8.2.jar
7f94ca3c8000-7f94ca3cd000 r--s 0002a000 08:01 1457564                    /home/batprem/.conda/envs/DataSci/lib/python3.6/site-packages/pyspark/jars/commons-beanutils-1.7.0.jar
7f94ca3cd000-7f94ca3d3000 r--s 00028000 08:01 1457561                    /home/batprem/.conda/envs/DataSci/lib/python3.6/site-packages/pyspark/jars/curator-framework-2.7.1.jar
7f94ca3d3000-7f94ca436000 r--s 004de000 08:01 1457674                    /home/batprem/.conda/envs/DataSci/lib/python3.6/site-packages/pyspark/jars/hive-metastore-1.2.1.spark2.jar
7f94ca436000-7f94ca441000 r--s 000b0000 08:01 1457630                    /home/batprem/.conda/envs/DataSci/lib/python3.6/site-packages/pyspark/jars/jtransforms-2.4.0.jar
7f94ca441000-7f94ca443000 r--s 00003000 08:01 1441968                    /home/batprem/.conda/envs/DataSci/lib/python3.6/site-packages/pyspark/jars/jersey-container-servlet-2.22.2.jar
7f94ca443000-7f94ca446000 r--s 0002f000 08:01 1457567                    /home/batprem/.conda/envs/DataSci/lib/python3.6/site-packages/pyspark/jars/RoaringBitmap-0.5.11.jar
7f94ca446000-7f94ca449000 r--s 00015000 08:01 1448221                    /home/batprem/.conda/envs/DataSci/lib/python3.6/site-packages/pyspark/jars/commons-pool-1.5.4.jar
7f94ca449000-7f94ca44b000 r--s 0001c000 08:01 1448241                    /home/batprem/.conda/envs/DataSci/lib/python3.6/site-packages/pyspark/jars/py4j-0.10.7.jar
7f94ca44b000-7f94ca458000 r--s 000af000 08:01 1457631                    /home/batprem/.conda/envs/DataSci/lib/python3.6/site-packages/pyspark/jars/httpclient-4.5.6.jar
7f94ca458000-7f94ca4c3000 r--s 00784000 08:01 1457679                    /home/batprem/.conda/envs/DataSci/lib/python3.6/site-packages/pyspark/jars/hadoop-hdfs-2.7.3.jar
7f94ca4c3000-7f94ca4c6000 r--s 0000f000 08:01 1442071                    /home/batprem/.conda/envs/DataSci/lib/python3.6/site-packages/pyspark/jars/spark-network-shuffle_2.11-2.4.0.jar
7f94ca4c6000-7f94ca4c8000 r--s 0000e000 08:01 1442064                    /home/batprem/.conda/envs/DataSci/lib/python3.6/site-packages/pyspark/jars/oro-2.0.8.jar
7f94ca4c8000-7f94ca4c9000 r--s 00003000 08:01 1441931                    /home/batprem/.conda/envs/DataSci/lib/python3.6/site-packages/pyspark/jars/generex-1.0.1.jar
7f94ca4c9000-7f94ca4d1000 r--s 0006e000 08:01 1457606                    /home/batprem/.conda/envs/DataSci/lib/python3.6/site-packages/pyspark/jars/commons-lang3-3.5.jar
7f94ca4d1000-7f94ca4df000 r--s 0009d000 08:01 1457624                    /home/batprem/.conda/envs/DataSci/lib/python3.6/site-packages/pyspark/jars/jersey-common-2.22.2.jar
7f94ca4df000-7f94ca4f8000 r--s 0012c000 08:01 1457648                    /home/batprem/.conda/envs/DataSci/lib/python3.6/site-packages/pyspark/jars/netty-3.9.9.Final.jar
7f94ca4f8000-7f94ca4fa000 r--s 00012000 08:01 1442081                    /home/batprem/.conda/envs/DataSci/lib/python3.6/site-packages/pyspark/jars/arrow-memory-0.10.0.jar
7f94ca4fa000-7f94ca4fd000 r--s 00017000 08:01 1448225                    /home/batprem/.conda/envs/DataSci/lib/python3.6/site-packages/pyspark/jars/jaxb-api-2.2.2.jar
7f94ca4fd000-7f94ca506000 r--s 0006f000 08:01 1457607                    /home/batprem/.conda/envs/DataSci/lib/python3.6/site-packages/pyspark/jars/log4j-1.2.17.jar
7f94ca506000-7f94ca508000 r--s 0000e000 08:01 1442052                    /home/batprem/.conda/envs/DataSci/lib/python3.6/site-packages/pyspark/jars/guice-servlet-3.0.jar
7f94ca508000-7f94ca509000 r--s 00003000 08:01 1441936                    /home/batprem/.conda/envs/DataSci/lib/python3.6/site-packages/pyspark/jars/spark-tags_2.11-2.4.0.jar
7f94ca509000-7f94ca556000 r--s 0041c000 08:01 1457673                    /home/batprem/.conda/envs/DataSci/lib/python3.6/site-packages/pyspark/jars/scala-reflect-2.11.12.jar
7f94ca556000-7f94ca559000 r--s 00016000 08:01 1448223                    /home/batprem/.conda/envs/DataSci/lib/python3.6/site-packages/pyspark/jars/jsp-api-2.1.jar
7f94ca559000-7f94ca55c000 r--s 00009000 08:01 1442025                    /home/batprem/.conda/envs/DataSci/lib/python3.6/site-packages/pyspark/jars/jackson-annotations-2.6.7.jar
7f94ca55c000-7f94ca56d000 r--s 00089000 08:01 1457615                    /home/batprem/.conda/envs/DataSci/lib/python3.6/site-packages/pyspark/jars/joda-time-2.9.3.jar
7f94ca56d000-7f94ca5a3000 r--s 0031c000 08:01 1457669                    /home/batprem/.conda/envs/DataSci/lib/python3.6/site-packages/pyspark/jars/hadoop-common-2.7.3.jar
7f94ca5a3000-7f94ca5a8000 r--s 00027000 08:01 1448296                    /home/batprem/.conda/envs/DataSci/lib/python3.6/site-packages/pyspark/jars/automaton-1.11-8.jar
7f94ca5a8000-7f94ca5b3000 r--s 000b9000 08:01 1457635                    /home/batprem/.conda/envs/DataSci/lib/python3.6/site-packages/pyspark/jars/janino-3.0.9.jar
7f94ca5b3000-7f94ca5b5000 r--s 00000000 08:01 1441879                    /home/batprem/.conda/envs/DataSci/lib/python3.6/site-packages/pyspark/jars/aopalliance-1.0.jar
7f94ca5b5000-7f94ca5bf000 r--s 0007b000 08:01 1457612                    /home/batprem/.conda/envs/DataSci/lib/python3.6/site-packages/pyspark/jars/hadoop-mapreduce-client-app-2.7.3.jar
7f94ca5bf000-7f94ca5c1000 r--s 0000f000 08:01 1442067                    /home/batprem/.conda/envs/DataSci/lib/python3.6/site-packages/pyspark/jars/activation-1.1.1.jar
7f94ca5c1000-7f94ca5c7000 r--s 0002c000 08:01 1457566                    /home/batprem/.conda/envs/DataSci/lib/python3.6/site-packages/pyspark/jars/jdo-api-3.0.1.jar
7f94ca5c7000-7f94ca5c9000 r--s 00238000 08:01 1457665                    /home/batprem/.conda/envs/DataSci/lib/python3.6/site-packages/pyspark/jars/zstd-jni-1.3.2-2.jar
7f94ca5c9000-7f94ca5d1000 r--s 00059000 08:01 1457596                    /home/batprem/.conda/envs/DataSci/lib/python3.6/site-packages/pyspark/jars/javolution-5.5.1.jar
7f94ca5d1000-7f94ca5e1000 r--s 00133000 08:01 1457647                    /home/batprem/.conda/envs/DataSci/lib/python3.6/site-packages/pyspark/jars/arrow-vector-0.10.0.jar
7f94ca5e1000-7f94ca5e6000 r--s 0004e000 08:01 1457592                    /home/batprem/.conda/envs/DataSci/lib/python3.6/site-packages/pyspark/jars/datanucleus-api-jdo-3.2.6.jar
7f94ca5e6000-7f94ca5f2000 r--s 000b6000 08:01 1457634                    /home/batprem/.conda/envs/DataSci/lib/python3.6/site-packages/pyspark/jars/zookeeper-3.4.6.jar
7f94ca5f2000-7f94ca5f8000 r--s 0004c000 08:01 1457591                    /home/batprem/.conda/envs/DataSci/lib/python3.6/site-packages/pyspark/jars/antlr4-runtime-4.7.jar
7f94ca5f8000-7f94ca611000 r--s 00150000 08:01 1457650                    /home/batprem/.conda/envs/DataSci/lib/python3.6/site-packages/pyspark/jars/htrace-core-3.1.0-incubating.jar
7f94ca611000-7f94ca614000 r--s 0001e000 08:01 1448243                    /home/batprem/.conda/envs/DataSci/lib/python3.6/site-packages/pyspark/jars/avro-ipc-1.8.2.jar
7f94ca614000-7f94ca628000 r--s 000ec000 08:01 1457641                    /home/batprem/.conda/envs/DataSci/lib/python3.6/site-packages/pyspark/jars/parquet-jackson-1.10.0.jar
7f94ca628000-7f94ca656000 r--s 0021a000 08:01 1457666                    /home/batprem/.conda/envs/DataSci/lib/python3.6/site-packages/pyspark/jars/spark-network-common_2.11-2.4.0.jar
7f94ca656000-7f94ca659000 r--s 00014000 08:01 1448213                    /home/batprem/.conda/envs/DataSci/lib/python3.6/site-packages/pyspark/jars/super-csv-2.2.0.jar
7f94ca659000-7f94ca67a000 r--s 00177000 08:01 1457654                    /home/batprem/.conda/envs/DataSci/lib/python3.6/site-packages/pyspark/jars/hppc-0.7.2.jar
7f94ca67a000-7f94ca67e000 r--s 0001a000 08:01 1448228                    /home/batprem/.conda/envs/DataSci/lib/python3.6/site-packages/pyspark/jars/hk2-utils-2.4.0-b34.jar
7f94ca67e000-7f94ca6e9000 r--s 0093d000 08:01 1457681                    /home/batprem/.conda/envs/DataSci/lib/python3.6/site-packages/pyspark/jars/spire_2.11-0.13.0.jar
7f94ca6e9000-7f94ca6ea000 r--s 00001000 08:01 1441925                    /home/batprem/.conda/envs/DataSci/lib/python3.6/site-packages/pyspark/jars/javax.inject-2.4.0-b34.jar
7f94ca6ea000-7f94ca6ec000 r--s 00010000 08:01 1442073                    /home/batprem/.conda/envs/DataSci/lib/python3.6/site-packages/pyspark/jars/jersey-media-jaxb-2.22.2.jar
7f94ca6ec000-7f94ca6ee000 r--s 00014000 08:01 1442086                    /home/batprem/.conda/envs/DataSci/lib/python3.6/site-packages/pyspark/jars/spire-macros_2.11-0.13.0.jar
7f94ca6ee000-7f94ca734000 r--s 00317000 08:01 1457671                    /home/batprem/.conda/envs/DataSci/lib/python3.6/site-packages/pyspark/jars/shapeless_2.11-2.3.2.jar
7f94ca734000-7f94ca73a000 r--s 00063000 08:01 1457601                    /home/batprem/.conda/envs/DataSci/lib/python3.6/site-packages/pyspark/jars/jodd-core-3.5.2.jar
7f94ca73a000-7f94ca73d000 r--s 00015000 08:01 1448216                    /home/batprem/.conda/envs/DataSci/lib/python3.6/site-packages/pyspark/jars/pyrolite-4.13.jar
7f94ca73d000-7f94ca744000 r--s 00049000 08:01 1457590                    /home/batprem/.conda/envs/DataSci/lib/python3.6/site-packages/pyspark/jars/httpcore-4.4.10.jar
7f94ca744000-7f94ca745000 r--s 00004000 08:01 1441979                    /home/batprem/.conda/envs/DataSci/lib/python3.6/site-packages/pyspark/jars/opencsv-2.3.jar
7f94ca745000-7f94ca74a000 r--s 0002a000 08:01 1457565                    /home/batprem/.conda/envs/DataSci/lib/python3.6/site-packages/pyspark/jars/gson-2.2.4.jar
7f94ca74a000-7f94ca76e000 r--s 001cd000 08:01 1457661                    /home/batprem/.conda/envs/DataSci/lib/python3.6/site-packages/pyspark/jars/commons-math3-3.4.1.jar
7f94ca76e000-7f94ca771000 r--s 0000e000 08:01 1442066                    /home/batprem/.conda/envs/DataSci/lib/python3.6/site-packages/pyspark/jars/jersey-container-servlet-core-2.22.2.jar
7f94ca771000-7f94ca7a8000 r--s 00325000 08:01 1457670                    /home/batprem/.conda/envs/DataSci/lib/python3.6/site-packages/pyspark/jars/calcite-core-1.2.0-incubating.jar
7f94ca7a8000-7f94ca84e000 r--s 0060b000 08:01 1457676                    /home/batprem/.conda/envs/DataSci/lib/python3.6/site-packages/pyspark/jars/kubernetes-model-2.0.0.jar
7f94ca84e000-7f94ca8f7000 r--s 00a4f000 08:01 1457683                    /home/batprem/.conda/envs/DataSci/lib/python3.6/site-packages/pyspark/jars/hive-exec-1.2.1.spark2.jar
7f94ca8f7000-7f94ca8fc000 r--s 00041000 08:01 1457581                    /home/batprem/.conda/envs/DataSci/lib/python3.6/site-packages/pyspark/jars/xbean-asm6-shaded-4.8.jar
7f94ca8fc000-7f94ca8fd000 r--s 00004000 08:01 1441980                    /home/batprem/.conda/envs/DataSci/lib/python3.6/site-packages/pyspark/jars/osgi-resource-locator-1.0.1.jar
7f94ca8fd000-7f94ca90a000 r--s 00071000 08:01 1457608                    /home/batprem/.conda/envs/DataSci/lib/python3.6/site-packages/pyspark/jars/jackson-module-scala_2.11-2.6.7.1.jar
7f94ca90a000-7f94ca911000 r--s 00046000 08:01 1457587                    /home/batprem/.conda/envs/DataSci/lib/python3.6/site-packages/pyspark/jars/libfb303-0.9.3.jar
7f94ca911000-7f94ca913000 r--s 00012000 08:01 1442082                    /home/batprem/.conda/envs/DataSci/lib/python3.6/site-packages/pyspark/jars/compress-lzf-1.0.3.jar
7f94ca913000-7f94ca92b000 r--s 001b6000 08:01 1457658                    /home/batprem/.conda/envs/DataSci/lib/python3.6/site-packages/pyspark/jars/datanucleus-core-3.2.10.jar
7f94ca92b000-7f94ca930000 r--s 00041000 08:01 1457583                    /home/batprem/.conda/envs/DataSci/lib/python3.6/site-packages/pyspark/jars/commons-lang-2.6.jar
7f94ca930000-7f94ca936000 r--s 0005c000 08:01 1457597                    /home/batprem/.conda/envs/DataSci/lib/python3.6/site-packages/pyspark/jars/okhttp-3.8.1.jar
7f94ca936000-7f94ca938000 r--s 00002000 08:01 1441932                    /home/batprem/.conda/envs/DataSci/lib/python3.6/site-packages/pyspark/jars/aopalliance-repackaged-2.4.0-b34.jar
7f94ca938000-7f94ca940000 r--s 00066000 08:01 1457604                    /home/batprem/.conda/envs/DataSci/lib/python3.6/site-packages/pyspark/jars/apache-log4j-extras-1.2.17.jar
7f94ca940000-7f94ca942000 r--s 00005000 08:01 1442000                    /home/batprem/.conda/envs/DataSci/lib/python3.6/site-packages/pyspark/jars/stax-api-1.0.1.jar
7f94ca942000-7f94ca94a000 r--s 0005b000 08:01 1457598                    /home/batprem/.conda/envs/DataSci/lib/python3.6/site-packages/pyspark/jars/univocity-parsers-2.7.3.jar
7f94ca94a000-7f94ca94c000 r--s 00010000 08:01 1442072                    /home/batprem/.conda/envs/DataSci/lib/python3.6/site-packages/pyspark/jars/hadoop-mapreduce-client-shuffle-2.7.3.jar
7f94ca94c000-7f94ca94e000 r--s 00020000 08:01 1448249                    /home/batprem/.conda/envs/DataSci/lib/python3.6/site-packages/pyspark/jars/hive-beeline-1.2.1.spark2.jar
7f94ca94e000-7f94ca950000 r--s 0000b000 08:01 1442031                    /home/batprem/.conda/envs/DataSci/lib/python3.6/site-packages/pyspark/jars/spark-kvstore_2.11-2.4.0.jar
7f94ca950000-7f94ca95f000 r--s 0009f000 08:01 1457626                    /home/batprem/.conda/envs/DataSci/lib/python3.6/site-packages/pyspark/jars/guice-3.0.jar
7f94ca95f000-7f94ca963000 r--s 00025000 08:01 1448276                    /home/batprem/.conda/envs/DataSci/lib/python3.6/site-packages/pyspark/jars/jersey-client-2.22.2.jar
7f94ca963000-7f94ca965000 r--s 0000b000 08:01 1442029                    /home/batprem/.conda/envs/DataSci/lib/python3.6/site-packages/pyspark/jars/spark-unsafe_2.11-2.4.0.jar
7f94ca965000-7f94ca97b000 r--s 00124000 08:01 1457646                    /home/batprem/.conda/envs/DataSci/lib/python3.6/site-packages/pyspark/jars/ivy-2.4.0.jar
7f94ca97b000-7f94ca9d4000 r--s 00523000 08:01 1457675                    /home/batprem/.conda/envs/DataSci/lib/python3.6/site-packages/pyspark/jars/scala-library-2.11.12.jar
7f94ca9d4000-7f94ca9d7000 r--s 00006000 08:01 1442010                    /home/batprem/.conda/envs/DataSci/lib/python3.6/site-packages/pyspark/jars/jsr305-1.3.9.jar
7f94ca9d7000-7f94ca9de000 r--s 0007d000 08:01 1457611                    /home/batprem/.conda/envs/DataSci/lib/python3.6/site-packages/pyspark/jars/jetty-6.1.26.jar
7f94ca9de000-7f94ca9df000 r--s 00003000 08:01 1441933                    /home/batprem/.conda/envs/DataSci/lib/python3.6/site-packages/pyspark/jars/xmlenc-0.52.jar
7f94ca9df000-7f94ca9e1000 r--s 00027000 08:01 1448266                    /home/batprem/.conda/envs/DataSci/lib/python3.6/site-packages/pyspark/jars/core-1.1.2.jar
7f94ca9e1000-7f94ca9e5000 r--s 00028000 08:01 1449051                    /home/batprem/.conda/envs/DataSci/lib/python3.6/site-packages/pyspark/jars/jetty-util-6.1.26.jar
7f94ca9e5000-7f94ca9fd000 r--s 000d6000 08:01 1457639                    /home/batprem/.conda/envs/DataSci/lib/python3.6/site-packages/pyspark/jars/jersey-guava-2.22.2.jar
7f94ca9fd000-7f94ca9fe000 r--s 00003000 08:01 1441934                    /home/batprem/.conda/envs/DataSci/lib/python3.6/site-packages/pyspark/jars/jta-1.1.jar
7f94ca9fe000-7f94caa23000 rw-p 00000000 00:00 0 
7f94caa23000-7f94cab30000 r--s 00dd7000 08:01 1457686                    /home/batprem/.conda/envs/DataSci/lib/python3.6/site-packages/pyspark/jars/scala-compiler-2.11.12.jar
7f94cab30000-7f94cab34000 r--s 00029000 08:01 1457558                    /home/batprem/.conda/envs/DataSci/lib/python3.6/site-packages/pyspark/jars/spark-mllib-local_2.11-2.4.0.jar
7f94cab34000-7f94cab38000 r--s 00020000 08:01 1448250                    /home/batprem/.conda/envs/DataSci/lib/python3.6/site-packages/pyspark/jars/commons-digester-1.8.jar
7f94cab38000-7f94cab3c000 r--s 00036000 08:01 1457574                    /home/batprem/.conda/envs/DataSci/lib/python3.6/site-packages/pyspark/jars/ST4-4.0.4.jar
7f94cab3c000-7f94cab3e000 r--s 00000000 08:01 1441897                    /home/batprem/.conda/envs/DataSci/lib/python3.6/site-packages/pyspark/jars/jul-to-slf4j-1.7.16.jar
7f94cab3e000-7f94cab40000 r--s 0000b000 08:01 1442030                    /home/batprem/.conda/envs/DataSci/lib/python3.6/site-packages/pyspark/jars/arrow-format-0.10.0.jar
7f94cab40000-7f94cab43000 r--s 00015000 08:01 1448220                    /home/batprem/.conda/envs/DataSci/lib/python3.6/site-packages/pyspark/jars/javax.servlet-api-3.1.0.jar
7f94cab43000-7f94cab46000 r--s 0001e000 08:01 1448246                    /home/batprem/.conda/envs/DataSci/lib/python3.6/site-packages/pyspark/jars/aircompressor-0.10.jar
7f94cab46000-7f94cab4c000 r--s 00040000 08:01 1457584                    /home/batprem/.conda/envs/DataSci/lib/python3.6/site-packages/pyspark/jars/parquet-hadoop-1.10.0.jar
7f94cab4c000-7f94cab4d000 r--s 00009000 08:01 1442020                    /home/batprem/.conda/envs/DataSci/lib/python3.6/site-packages/pyspark/jars/hive-cli-1.2.1.spark2.jar
7f94cab4d000-7f94cab4e000 r--s 00007000 08:01 1442009                    /home/batprem/.conda/envs/DataSci/lib/python3.6/site-packages/pyspark/jars/jackson-module-jaxb-annotations-2.6.7.jar
7f94cab4e000-7f94cac15000 r--s 008a5000 08:01 1457680                    /home/batprem/.conda/envs/DataSci/lib/python3.6/site-packages/pyspark/jars/spark-sql_2.11-2.4.0.jar
7f94cac15000-7f94cac27000 r--s 00097000 08:01 1457623                    /home/batprem/.conda/envs/DataSci/lib/python3.6/site-packages/pyspark/jars/apacheds-kerberos-codec-2.0.0-M15.jar
7f94cac27000-7f94cac35000 r--s 000a3000 08:01 1457629                    /home/batprem/.conda/envs/DataSci/lib/python3.6/site-packages/pyspark/jars/parquet-format-2.4.0.jar
7f94cac35000-7f94cac4c000 r--s 00183000 08:01 1457655                    /home/batprem/.conda/envs/DataSci/lib/python3.6/site-packages/pyspark/jars/hadoop-yarn-common-2.7.3.jar
7f94cac4c000-7f94cac5a000 r--s 00089000 08:01 1457614                    /home/batprem/.conda/envs/DataSci/lib/python3.6/site-packages/pyspark/jars/json4s-scalap_2.11-3.5.3.jar
7f94cac5a000-7f94cac5c000 r--s 00011000 08:01 1442080                    /home/batprem/.conda/envs/DataSci/lib/python3.6/site-packages/pyspark/jars/spark-launcher_2.11-2.4.0.jar
7f94cac5c000-7f94cad18000 r--s 008fb000 08:01 1457682                    /home/batprem/.conda/envs/DataSci/lib/python3.6/site-packages/pyspark/jars/spark-catalyst_2.11-2.4.0.jar
7f94cad18000-7f94cad1a000 r--s 0001f000 08:01 1448247                    /home/batprem/.conda/envs/DataSci/lib/python3.6/site-packages/pyspark/jars/commons-crypto-1.0.0.jar
7f94cad1a000-7f94cad1b000 r--s 00000000 08:01 1441878                    /home/batprem/.conda/envs/DataSci/lib/python3.6/site-packages/pyspark/jars/macro-compat_2.11-1.1.1.jar
7f94cad1b000-7f94cad23000 r--s 0007b000 08:01 1457609                    /home/batprem/.conda/envs/DataSci/lib/python3.6/site-packages/pyspark/jars/protobuf-java-2.5.0.jar
7f94cad23000-7f94cad34000 r--s 00096000 08:01 1457618                    /home/batprem/.conda/envs/DataSci/lib/python3.6/site-packages/pyspark/jars/spark-mesos_2.11-2.4.0.jar
7f94cad34000-7f94cad38000 r--s 0002f000 08:01 1457569                    /home/batprem/.conda/envs/DataSci/lib/python3.6/site-packages/pyspark/jars/commons-beanutils-core-1.8.0.jar
7f94cad38000-7f94cad3d000 r--s 00027000 08:01 1457555                    /home/batprem/.conda/envs/DataSci/lib/python3.6/site-packages/pyspark/jars/hk2-api-2.4.0-b34.jar
7f94cad3d000-7f94cad3f000 r--s 00012000 08:01 1442083                    /home/batprem/.conda/envs/DataSci/lib/python3.6/site-packages/pyspark/jars/api-util-1.0.0-M20.jar
7f94cad3f000-7f94cad41000 r--s 0000a000 08:01 1442027                    /home/batprem/.conda/envs/DataSci/lib/python3.6/site-packages/pyspark/jars/json4s-jackson_2.11-3.5.3.jar
7f94cad41000-7f94cad42000 r--s 00006000 08:01 1442001                    /home/batprem/.conda/envs/DataSci/lib/python3.6/site-packages/pyspark/jars/jackson-xc-1.9.13.jar
7f94cad42000-7f94cad46000 r--s 0002a000 08:01 1457563                    /home/batprem/.conda/envs/DataSci/lib/python3.6/site-packages/pyspark/jars/breeze-macros_2.11-0.13.2.jar
7f94cad46000-7f94cad48000 r--s 00001000 08:01 1441927                    /home/batprem/.conda/envs/DataSci/lib/python3.6/site-packages/pyspark/jars/spark-tags_2.11-2.4.0-tests.jar
7f94cad48000-7f94cad7c000 r--s 00277000 08:01 1457667                    /home/batprem/.conda/envs/DataSci/lib/python3.6/site-packages/pyspark/jars/parquet-hadoop-bundle-1.6.0.jar
7f94cad7c000-7f94cad89000 r--s 00083000 08:01 1457613                    /home/batprem/.conda/envs/DataSci/lib/python3.6/site-packages/pyspark/jars/commons-collections-3.2.2.jar
7f94cad89000-7f94cad8b000 r--s 00006000 08:01 1442008                    /home/batprem/.conda/envs/DataSci/lib/python3.6/site-packages/pyspark/jars/spark-sketch_2.11-2.4.0.jar
7f94cad8b000-7f94cad8f000 r--s 0000c000 08:01 1442051                    /home/batprem/.conda/envs/DataSci/lib/python3.6/site-packages/pyspark/jars/validation-api-1.1.0.Final.jar
7f94cad8f000-7f94cad92000 r--s 00058000 08:01 1457594                    /home/batprem/.conda/envs/DataSci/lib/python3.6/site-packages/pyspark/jars/lz4-java-1.4.0.jar
7f94cad92000-7f94cadaa000 r--s 00115000 08:01 1457645                    /home/batprem/.conda/envs/DataSci/lib/python3.6/site-packages/pyspark/jars/xercesImpl-2.9.1.jar
7f94cadaa000-7f94cae3d000 r--s 00715000 08:01 1457678                    /home/batprem/.conda/envs/DataSci/lib/python3.6/site-packages/pyspark/jars/spark-mllib_2.11-2.4.0.jar
7f94cae3d000-7f94cae44000 r--s 00039000 08:01 1457575                    /home/batprem/.conda/envs/DataSci/lib/python3.6/site-packages/pyspark/jars/calcite-avatica-1.2.0-incubating.jar
7f94cae44000-7f94cae45000 r--s 00006000 08:01 1441998                    /home/batprem/.conda/envs/DataSci/lib/python3.6/site-packages/pyspark/jars/hadoop-client-2.7.3.jar
7f94cae45000-7f94cae4b000 r--s 0003c000 08:01 1457578                    /home/batprem/.conda/envs/DataSci/lib/python3.6/site-packages/pyspark/jars/snakeyaml-1.15.jar
7f94cae4b000-7f94cae4c000 r--s 00002000 08:01 1441929                    /home/batprem/.conda/envs/DataSci/lib/python3.6/site-packages/pyspark/jars/flatbuffers-1.2.0-3f79e055.jar
7f94cae4c000-7f94cae4e000 r--s 00004000 08:01 1441997                    /home/batprem/.conda/envs/DataSci/lib/python3.6/site-packages/pyspark/jars/stax-api-1.0-2.jar
7f94cae4e000-7f94cae53000 r--s 00035000 08:01 1457572                    /home/batprem/.conda/envs/DataSci/lib/python3.6/site-packages/pyspark/jars/chill_2.11-0.9.3.jar
7f94cae53000-7f94cae69000 r--s 000d3000 08:01 1457638                    /home/batprem/.conda/envs/DataSci/lib/python3.6/site-packages/pyspark/jars/jersey-server-2.22.2.jar
7f94cae69000-7f94cae6c000 r--s 00026000 08:01 1448275                    /home/batprem/.conda/envs/DataSci/lib/python3.6/site-packages/pyspark/jars/hadoop-yarn-client-2.7.3.jar
7f94cae6c000-7f94cae6e000 r--s 00009000 08:01 1442023                    /home/batprem/.conda/envs/DataSci/lib/python3.6/site-packages/pyspark/jars/jackson-module-paranamer-2.7.9.jar
7f94cae6e000-7f94cae7a000 r--s 00077000 08:01 1457610                    /home/batprem/.conda/envs/DataSci/lib/python3.6/site-packages/pyspark/jars/spark-kubernetes_2.11-2.4.0.jar
7f94cae7a000-7f94cae80000 r--s 00043000 08:01 1457585                    /home/batprem/.conda/envs/DataSci/lib/python3.6/site-packages/pyspark/jars/commons-configuration-1.6.jar
7f94cae80000-7f94cae8d000 r--s 000a0000 08:01 1457625                    /home/batprem/.conda/envs/DataSci/lib/python3.6/site-packages/pyspark/jars/spark-graphx_2.11-2.4.0.jar
7f94cae8d000-7f94cae8f000 r--s 00008000 08:01 1442017                    /home/batprem/.conda/envs/DataSci/lib/python3.6/site-packages/pyspark/jars/commons-compiler-3.0.9.jar
7f94cae8f000-7f94cae90000 r--s 0000b000 08:01 1442028                    /home/batprem/.conda/envs/DataSci/lib/python3.6/site-packages/pyspark/jars/snappy-0.2.jar
7f94cae90000-7f94cae91000 r--s 00009000 08:01 1442019                    /home/batprem/.conda/envs/DataSci/lib/python3.6/site-packages/pyspark/jars/slf4j-api-1.7.16.jar
7f94cae91000-7f94cae92000 r--s 00002000 08:01 1441928                    /home/batprem/.conda/envs/DataSci/lib/python3.6/site-packages/pyspark/jars/slf4j-log4j12-1.7.16.jar
7f94cae92000-7f94cae96000 r--s 0003e000 08:01 1457577                    /home/batprem/.conda/envs/DataSci/lib/python3.6/site-packages/pyspark/jars/jline-2.14.6.jar
7f94cae96000-7f94cae97000 r--s 0000a000 08:01 1442024                    /home/batprem/.conda/envs/DataSci/lib/python3.6/site-packages/pyspark/jars/apacheds-i18n-2.0.0-M15.jar
7f94cae97000-7f94caea4000 r--s 0009c000 08:01 1457619                    /home/batprem/.conda/envs/DataSci/lib/python3.6/site-packages/pyspark/jars/json4s-core_2.11-3.5.3.jar
7f94caea4000-7f94caeae000 r--s 000a5000 08:01 1457627                    /home/batprem/.conda/envs/DataSci/lib/python3.6/site-packages/pyspark/jars/javassist-3.18.1-GA.jar
7f94caeae000-7f94caeb2000 r--s 0001e000 08:01 1448248                    /home/batprem/.conda/envs/DataSci/lib/python3.6/site-packages/pyspark/jars/spark-repl_2.11-2.4.0.jar
7f94caeb2000-7f94caeb7000 r--s 00068000 08:01 1457603                    /home/batprem/.conda/envs/DataSci/lib/python3.6/site-packages/pyspark/jars/antlr-2.7.7.jar
7f94caeb7000-7f94caeb8000 r--s 00003000 08:01 1441951                    /home/batprem/.conda/envs/DataSci/lib/python3.6/site-packages/pyspark/jars/metrics-json-3.1.5.jar
7f94caeb8000-7f94caeba000 r--s 00009000 08:01 1442022                    /home/batprem/.conda/envs/DataSci/lib/python3.6/site-packages/pyspark/jars/commons-cli-1.2.jar
7f94caeba000-7f94caec2000 r--s 0003b000 08:01 1457579                    /home/batprem/.conda/envs/DataSci/lib/python3.6/site-packages/pyspark/jars/curator-recipes-2.7.1.jar
7f94caec2000-7f94caef2000 r--s 001e3000 08:01 1457663                    /home/batprem/.conda/envs/DataSci/lib/python3.6/site-packages/pyspark/jars/spark-streaming_2.11-2.4.0.jar
7f94caef2000-7f94caef4000 r--s 00004000 08:01 1441981                    /home/batprem/.conda/envs/DataSci/lib/python3.6/site-packages/pyspark/jars/metrics-graphite-3.1.5.jar
7f94caef4000-7f94caef6000 r--s 00001000 08:01 1441926                    /home/batprem/.conda/envs/DataSci/lib/python3.6/site-packages/pyspark/jars/logging-interceptor-3.8.1.jar
7f94caef6000-7f94caefa000 r--s 00035000 08:01 1457570                    /home/batprem/.conda/envs/DataSci/lib/python3.6/site-packages/pyspark/jars/jackson-core-asl-1.9.13.jar
7f94caefa000-7f94caefc000 r--s 0000e000 08:01 1442047                    /home/batprem/.conda/envs/DataSci/lib/python3.6/site-packages/pyspark/jars/hadoop-mapreduce-client-jobclient-2.7.3.jar
7f94caefc000-7f94caf12000 r--s 001a4000 08:01 1457656                    /home/batprem/.conda/envs/DataSci/lib/python3.6/site-packages/pyspark/jars/datanucleus-rdbms-3.2.9.jar
7f94caf12000-7f94caf13000 r--s 00002000 08:01 1441930                    /home/batprem/.conda/envs/DataSci/lib/python3.6/site-packages/pyspark/jars/jpam-1.1.jar
7f94caf13000-7f94caf3c000 r--s 001ee000 08:01 1457664                    /home/batprem/.conda/envs/DataSci/lib/python3.6/site-packages/pyspark/jars/guava-14.0.1.jar
7f94caf3c000-7f94caf48000 r--s 00068000 08:01 1457605                    /home/batprem/.conda/envs/DataSci/lib/python3.6/site-packages/pyspark/jars/scala-parser-combinators_2.11-1.1.0.jar
7f94caf48000-7f94caf4a000 r--s 00007000 08:01 1442016                    /home/batprem/.conda/envs/DataSci/lib/python3.6/site-packages/pyspark/jars/zjsonpatch-0.3.0.jar
7f94caf4a000-7f94caf4c000 r--s 00008000 08:01 1442018                    /home/batprem/.conda/envs/DataSci/lib/python3.6/site-packages/pyspark/jars/metrics-jvm-3.1.5.jar
7f94caf4c000-7f94caf4e000 r--s 001eb000 08:01 1457659                    /home/batprem/.conda/envs/DataSci/lib/python3.6/site-packages/pyspark/jars/snappy-java-1.1.7.1.jar
7f94caf4e000-7f94caf52000 r--s 00029000 08:01 1457557                    /home/batprem/.conda/envs/DataSci/lib/python3.6/site-packages/pyspark/jars/hk2-locator-2.4.0-b34.jar
7f94caf52000-7f94caf53000 r--s 00004000 08:01 1441970                    /home/batprem/.conda/envs/DataSci/lib/python3.6/site-packages/pyspark/jars/jackson-jaxrs-1.9.13.jar
7f94caf53000-7f94caf58000 r--s 0003e000 08:01 1457580                    /home/batprem/.conda/envs/DataSci/lib/python3.6/site-packages/pyspark/jars/commons-net-3.1.jar
7f94caf58000-7f94caf5a000 r--s 00017000 08:01 1448224                    /home/batprem/.conda/envs/DataSci/lib/python3.6/site-packages/pyspark/jars/hive-jdbc-1.2.1.spark2.jar
7f94caf5a000-7f94caf65000 r--s 00062000 08:01 1457602                    /home/batprem/.conda/envs/DataSci/lib/python3.6/site-packages/pyspark/jars/calcite-linq4j-1.2.0-incubating.jar
7f94caf65000-7f94caf67000 r--s 00003000 08:01 1441953                    /home/batprem/.conda/envs/DataSci/lib/python3.6/site-packages/pyspark/jars/api-asn1-api-1.0.0-M20.jar
7f94caf67000-7f94caf6d000 r--s 00045000 08:01 1457586                    /home/batprem/.conda/envs/DataSci/lib/python3.6/site-packages/pyspark/jars/commons-httpclient-3.1.jar
7f94caf6d000-7f94caf74000 r--s 0003f000 08:01 1457582                    /home/batprem/.conda/envs/DataSci/lib/python3.6/site-packages/pyspark/jars/commons-codec-1.10.jar
7f94caf74000-7f94caf77000 r--s 000fd000 08:01 1457640                    /home/batprem/.conda/envs/DataSci/lib/python3.6/site-packages/pyspark/jars/leveldbjni-all-1.8.jar
7f94caf77000-7f94caf7b000 r--s 00014000 08:01 1448219                    /home/batprem/.conda/envs/DataSci/lib/python3.6/site-packages/pyspark/jars/parquet-common-1.10.0.jar
7f94caf7b000-7f94caf94000 r--s 00164000 08:01 1457651                    /home/batprem/.conda/envs/DataSci/lib/python3.6/site-packages/pyspark/jars/hadoop-mapreduce-client-core-2.7.3.jar
7f94caf94000-7f94cafd5000 r--s 0035a000 08:01 1457672                    /home/batprem/.conda/envs/DataSci/lib/python3.6/site-packages/pyspark/jars/netty-all-4.1.17.Final.jar
7f94cafd5000-7f94cafdf000 r--s 0009a000 08:01 1457617                    /home/batprem/.conda/envs/DataSci/lib/python3.6/site-packages/pyspark/jars/scala-xml_2.11-1.0.5.jar
7f94cafdf000-7f94caff0000 r--s 0010c000 08:01 1457643                    /home/batprem/.conda/envs/DataSci/lib/python3.6/site-packages/pyspark/jars/jackson-databind-2.6.7.1.jar
7f94caff0000-7f94cb00b000 r--s 0012b000 08:01 1457649                    /home/batprem/.conda/envs/DataSci/lib/python3.6/site-packages/pyspark/jars/spark-hive_2.11-2.4.0.jar
7f94cb00b000-7f94cb024000 r--s 000f4000 08:01 1457642                    /home/batprem/.conda/envs/DataSci/lib/python3.6/site-packages/pyspark/jars/parquet-column-1.10.0.jar
7f94cb024000-7f94cb02b000 r--s 00058000 08:01 1457595                    /home/batprem/.conda/envs/DataSci/lib/python3.6/site-packages/pyspark/jars/hadoop-yarn-server-common-2.7.3.jar
7f94cb02b000-7f94cb02c000 ---p 00000000 00:00 0 
7f94cb02c000-7f94cb12c000 rw-p 00000000 00:00 0 
7f94cb12c000-7f94cb12f000 ---p 00000000 00:00 0 
7f94cb12f000-7f94cb22d000 rw-p 00000000 00:00 0 
7f94cb22d000-7f94cb22e000 ---p 00000000 00:00 0 
7f94cb22e000-7f94cb231000 ---p 00000000 00:00 0 
7f94cb231000-7f94cb32e000 rw-p 00000000 00:00 0 
7f94cb32e000-7f94cb32f000 ---p 00000000 00:00 0 
7f94cb32f000-7f94cb332000 ---p 00000000 00:00 0 
7f94cb332000-7f94cb42f000 rw-p 00000000 00:00 0 
7f94cb42f000-7f94cb432000 ---p 00000000 00:00 0 
7f94cb432000-7f94cb530000 rw-p 00000000 00:00 0 
7f94cb530000-7f94cbeff000 r--p 00000000 08:01 400079                     /usr/lib/locale/locale-archive
7f94cbeff000-7f94cbf02000 ---p 00000000 00:00 0 
7f94cbf02000-7f94cc000000 rw-p 00000000 00:00 0 
7f94cc000000-7f94cc62a000 rw-p 00000000 00:00 0 
7f94cc62a000-7f94d0000000 ---p 00000000 00:00 0 
7f94d0000000-7f94d0001000 r--s 00008000 08:01 1442011                    /home/batprem/.conda/envs/DataSci/lib/python3.6/site-packages/pyspark/jars/machinist_2.11-0.6.1.jar
7f94d0001000-7f94d0002000 r--s 00004000 08:01 1441971                    /home/batprem/.conda/envs/DataSci/lib/python3.6/site-packages/pyspark/jars/eigenbase-properties-1.1.5.jar
7f94d0002000-7f94d0003000 r--s 00006000 08:01 1442002                    /home/batprem/.conda/envs/DataSci/lib/python3.6/site-packages/pyspark/jars/orc-shims-1.5.2.jar
7f94d0003000-7f94d0004000 r--s 00013000 08:01 1442084                    /home/batprem/.conda/envs/DataSci/lib/python3.6/site-packages/pyspark/jars/okio-1.13.0.jar
7f94d0004000-7f94d0006000 r--s 00015000 08:01 1448214                    /home/batprem/.conda/envs/DataSci/lib/python3.6/site-packages/pyspark/jars/hadoop-auth-2.7.3.jar
7f94d0006000-7f94d0009000 r--s 00022000 08:01 1448259                    /home/batprem/.conda/envs/DataSci/lib/python3.6/site-packages/pyspark/jars/stringtemplate-3.2.1.jar
7f94d0009000-7f94d0026000 r--s 001d5000 08:01 1457662                    /home/batprem/.conda/envs/DataSci/lib/python3.6/site-packages/pyspark/jars/hadoop-yarn-api-2.7.3.jar
7f94d0026000-7f94d002a000 r--s 00025000 08:01 1448263                    /home/batprem/.conda/envs/DataSci/lib/python3.6/site-packages/pyspark/jars/antlr-runtime-3.4.jar
7f94d002a000-7f94d0035000 r--s 000bc000 08:01 1457636                    /home/batprem/.conda/envs/DataSci/lib/python3.6/site-packages/pyspark/jars/orc-mapreduce-1.5.2-nohive.jar
7f94d0035000-7f94d0038000 r--s 0000b000 08:01 1442032                    /home/batprem/.conda/envs/DataSci/lib/python3.6/site-packages/pyspark/jars/objenesis-2.5.1.jar
7f94d0038000-7f94d003a000 r--s 0000d000 08:01 1442039                    /home/batprem/.conda/envs/DataSci/lib/python3.6/site-packages/pyspark/jars/chill-java-0.9.3.jar
7f94d003a000-7f94d0043000 r--s 00046000 08:01 1457588                    /home/batprem/.conda/envs/DataSci/lib/python3.6/site-packages/pyspark/jars/jackson-dataformat-yaml-2.6.7.jar
7f94d0043000-7f94d0055000 r--s 00112000 08:01 1457644                    /home/batprem/.conda/envs/DataSci/lib/python3.6/site-packages/pyspark/jars/arpack_combined_all-0.1.jar
7f94d0055000-7f94d0057000 r--s 0000f000 08:01 1442068                    /home/batprem/.conda/envs/DataSci/lib/python3.6/site-packages/pyspark/jars/curator-client-2.7.1.jar
7f94d0057000-7f94d0066000 r--s 00095000 08:01 1457616                    /home/batprem/.conda/envs/DataSci/lib/python3.6/site-packages/pyspark/jars/spark-yarn_2.11-2.4.0.jar
7f94d0066000-7f94d0095000 r--s 002e5000 08:01 1457668                    /home/batprem/.conda/envs/DataSci/lib/python3.6/site-packages/pyspark/jars/derby-10.12.1.1.jar
7f94d0095000-7f94d009b000 r--s 00034000 08:01 1457573                    /home/batprem/.conda/envs/DataSci/lib/python3.6/site-packages/pyspark/jars/libthrift-0.9.3.jar
7f94d009b000-7f94d009d000 r--s 00003000 08:01 1441954                    /home/batprem/.conda/envs/DataSci/lib/python3.6/site-packages/pyspark/jars/JavaEWAH-0.3.2.jar
7f94d009d000-7f94d00a0000 r--s 00025000 08:01 1448260                    /home/batprem/.conda/envs/DataSci/lib/python3.6/site-packages/pyspark/jars/commons-dbcp-1.4.jar
7f94d00a0000-7f94d00a4000 r--s 0001a000 08:01 1448229                    /home/batprem/.conda/envs/DataSci/lib/python3.6/site-packages/pyspark/jars/metrics-core-3.1.5.jar
7f94d00a4000-7f94d00a8000 r--s 0002a000 08:01 1457562                    /home/batprem/.conda/envs/DataSci/lib/python3.6/site-packages/pyspark/jars/avro-mapred-1.8.2-hadoop2.jar
7f94d00a8000-7f94d00ac000 r--s 0002a000 08:01 1457559                    /home/batprem/.conda/envs/DataSci/lib/python3.6/site-packages/pyspark/jars/commons-io-2.4.jar
7f94d00ac000-7f94d00ae000 r--s 00003000 08:01 1441952                    /home/batprem/.conda/envs/DataSci/lib/python3.6/site-packages/pyspark/jars/jcl-over-slf4j-1.7.16.jar
7f94d00ae000-7f94d00b2000 r--s 00015000 08:01 1448222                    /home/batprem/.conda/envs/DataSci/lib/python3.6/site-packages/pyspark/jars/xz-1.5.jar
7f94d00b2000-7f94d00b5000 r--s 00014000 08:01 1448204                    /home/batprem/.conda/envs/DataSci/lib/python3.6/site-packages/pyspark/jars/json4s-ast_2.11-3.5.3.jar
7f94d00b5000-7f94d00c3000 r--s 000b1000 08:01 1457633                    /home/batprem/.conda/envs/DataSci/lib/python3.6/site-packages/pyspark/jars/jackson-mapper-asl-1.9.13.jar
7f94d00c3000-7f94d00cd000 r--s 0005c000 08:01 1457600                    /home/batprem/.conda/envs/DataSci/lib/python3.6/site-packages/pyspark/jars/kubernetes-client-3.0.0.jar
7f94d00cd000-7f94d00d0000 ---p 00000000 00:00 0 
7f94d00d0000-7f94d01ce000 rw-p 00000000 00:00 0 
7f94d01ce000-7f94d01cf000 ---p 00000000 00:00 0 
7f94d01cf000-7f94d02cf000 rw-p 00000000 00:00 0 
7f94d02cf000-7f94d04a9000 r--s 03d6f000 08:01 946355                     /usr/lib/jvm/java-8-oracle/jre/lib/rt.jar
7f94d04a9000-7f94d0ca9000 rw-p 00000000 00:00 0 
7f94d0ca9000-7f94d0d33000 rw-p 00000000 00:00 0 
7f94d0d33000-7f94d0dff000 ---p 00000000 00:00 0 
7f94d0dff000-7f94d0e44000 rw-p 00000000 00:00 0 
7f94d0e44000-7f94d0ea9000 ---p 00000000 00:00 0 
7f94d0ea9000-7f94d0f34000 rw-p 00000000 00:00 0 
7f94d0f34000-7f94d0fff000 ---p 00000000 00:00 0 
7f94d0fff000-7f94d1000000 rw-p 00000000 00:00 0 
7f94d1000000-7f94d2790000 rwxp 00000000 00:00 0 
7f94d2790000-7f94e0000000 ---p 00000000 00:00 0 
7f94e0000000-7f94e1163000 rw-p 00000000 00:00 0 
7f94e1163000-7f94e4000000 ---p 00000000 00:00 0 
7f94e4000000-7f94e40d5000 rw-p 00000000 00:00 0 
7f94e40d5000-7f94e4436000 ---p 00000000 00:00 0 
7f94e4436000-7f94e4451000 r-xp 00000000 08:01 281974                     /usr/lib/jvm/java-8-oracle/jre/lib/amd64/libzip.so
7f94e4451000-7f94e4650000 ---p 0001b000 08:01 281974                     /usr/lib/jvm/java-8-oracle/jre/lib/amd64/libzip.so
7f94e4650000-7f94e4651000 r--p 0001a000 08:01 281974                     /usr/lib/jvm/java-8-oracle/jre/lib/amd64/libzip.so
7f94e4651000-7f94e4652000 rw-p 0001b000 08:01 281974                     /usr/lib/jvm/java-8-oracle/jre/lib/amd64/libzip.so
7f94e4652000-7f94e465d000 r-xp 00000000 08:01 1840837                    /lib/x86_64-linux-gnu/libnss_files-2.27.so
7f94e465d000-7f94e485c000 ---p 0000b000 08:01 1840837                    /lib/x86_64-linux-gnu/libnss_files-2.27.so
7f94e485c000-7f94e485d000 r--p 0000a000 08:01 1840837                    /lib/x86_64-linux-gnu/libnss_files-2.27.so
7f94e485d000-7f94e485e000 rw-p 0000b000 08:01 1840837                    /lib/x86_64-linux-gnu/libnss_files-2.27.so
7f94e485e000-7f94e4864000 rw-p 00000000 00:00 0 
7f94e4864000-7f94e487b000 r-xp 00000000 08:01 1840831                    /lib/x86_64-linux-gnu/libnsl-2.27.so
7f94e487b000-7f94e4a7a000 ---p 00017000 08:01 1840831                    /lib/x86_64-linux-gnu/libnsl-2.27.so
7f94e4a7a000-7f94e4a7b000 r--p 00016000 08:01 1840831                    /lib/x86_64-linux-gnu/libnsl-2.27.so
7f94e4a7b000-7f94e4a7c000 rw-p 00017000 08:01 1840831                    /lib/x86_64-linux-gnu/libnsl-2.27.so
7f94e4a7c000-7f94e4a7e000 rw-p 00000000 00:00 0 
7f94e4a7e000-7f94e4a89000 r-xp 00000000 08:01 1840848                    /lib/x86_64-linux-gnu/libnss_nis-2.27.so
7f94e4a89000-7f94e4c88000 ---p 0000b000 08:01 1840848                    /lib/x86_64-linux-gnu/libnss_nis-2.27.so
7f94e4c88000-7f94e4c89000 r--p 0000a000 08:01 1840848                    /lib/x86_64-linux-gnu/libnss_nis-2.27.so
7f94e4c89000-7f94e4c8a000 rw-p 0000b000 08:01 1840848                    /lib/x86_64-linux-gnu/libnss_nis-2.27.so
7f94e4c8a000-7f94e4c92000 r-xp 00000000 08:01 1840833                    /lib/x86_64-linux-gnu/libnss_compat-2.27.so
7f94e4c92000-7f94e4e92000 ---p 00008000 08:01 1840833                    /lib/x86_64-linux-gnu/libnss_compat-2.27.so
7f94e4e92000-7f94e4e93000 r--p 00008000 08:01 1840833                    /lib/x86_64-linux-gnu/libnss_compat-2.27.so
7f94e4e93000-7f94e4e94000 rw-p 00009000 08:01 1840833                    /lib/x86_64-linux-gnu/libnss_compat-2.27.so
7f94e4e94000-7f94e4ec0000 r-xp 00000000 08:01 281968                     /usr/lib/jvm/java-8-oracle/jre/lib/amd64/libjava.so
7f94e4ec0000-7f94e50c0000 ---p 0002c000 08:01 281968                     /usr/lib/jvm/java-8-oracle/jre/lib/amd64/libjava.so
7f94e50c0000-7f94e50c1000 r--p 0002c000 08:01 281968                     /usr/lib/jvm/java-8-oracle/jre/lib/amd64/libjava.so
7f94e50c1000-7f94e50c3000 rw-p 0002d000 08:01 281968                     /usr/lib/jvm/java-8-oracle/jre/lib/amd64/libjava.so
7f94e50c3000-7f94e50d0000 r-xp 00000000 08:01 281973                     /usr/lib/jvm/java-8-oracle/jre/lib/amd64/libverify.so
7f94e50d0000-7f94e52cf000 ---p 0000d000 08:01 281973                     /usr/lib/jvm/java-8-oracle/jre/lib/amd64/libverify.so
7f94e52cf000-7f94e52d1000 r--p 0000c000 08:01 281973                     /usr/lib/jvm/java-8-oracle/jre/lib/amd64/libverify.so
7f94e52d1000-7f94e52d2000 rw-p 0000e000 08:01 281973                     /usr/lib/jvm/java-8-oracle/jre/lib/amd64/libverify.so
7f94e52d2000-7f94e52d9000 r-xp 00000000 08:01 1840888                    /lib/x86_64-linux-gnu/librt-2.27.so
7f94e52d9000-7f94e54d8000 ---p 00007000 08:01 1840888                    /lib/x86_64-linux-gnu/librt-2.27.so
7f94e54d8000-7f94e54d9000 r--p 00006000 08:01 1840888                    /lib/x86_64-linux-gnu/librt-2.27.so
7f94e54d9000-7f94e54da000 rw-p 00007000 08:01 1840888                    /lib/x86_64-linux-gnu/librt-2.27.so
7f94e54da000-7f94e5677000 r-xp 00000000 08:01 1840810                    /lib/x86_64-linux-gnu/libm-2.27.so
7f94e5677000-7f94e5876000 ---p 0019d000 08:01 1840810                    /lib/x86_64-linux-gnu/libm-2.27.so
7f94e5876000-7f94e5877000 r--p 0019c000 08:01 1840810                    /lib/x86_64-linux-gnu/libm-2.27.so
7f94e5877000-7f94e5878000 rw-p 0019d000 08:01 1840810                    /lib/x86_64-linux-gnu/libm-2.27.so
7f94e5878000-7f94e6560000 r-xp 00000000 08:01 564329                     /usr/lib/jvm/java-8-oracle/jre/lib/amd64/server/libjvm.so
7f94e6560000-7f94e675f000 ---p 00ce8000 08:01 564329                     /usr/lib/jvm/java-8-oracle/jre/lib/amd64/server/libjvm.so
7f94e675f000-7f94e67f5000 r--p 00ce7000 08:01 564329                     /usr/lib/jvm/java-8-oracle/jre/lib/amd64/server/libjvm.so
7f94e67f5000-7f94e6826000 rw-p 00d7d000 08:01 564329                     /usr/lib/jvm/java-8-oracle/jre/lib/amd64/server/libjvm.so
7f94e6826000-7f94e6861000 rw-p 00000000 00:00 0 
7f94e6861000-7f94e6a48000 r-xp 00000000 08:01 1840747                    /lib/x86_64-linux-gnu/libc-2.27.so
7f94e6a48000-7f94e6c48000 ---p 001e7000 08:01 1840747                    /lib/x86_64-linux-gnu/libc-2.27.so
7f94e6c48000-7f94e6c4c000 r--p 001e7000 08:01 1840747                    /lib/x86_64-linux-gnu/libc-2.27.so
7f94e6c4c000-7f94e6c4e000 rw-p 001eb000 08:01 1840747                    /lib/x86_64-linux-gnu/libc-2.27.so
7f94e6c4e000-7f94e6c52000 rw-p 00000000 00:00 0 
7f94e6c52000-7f94e6c55000 r-xp 00000000 08:01 1840770                    /lib/x86_64-linux-gnu/libdl-2.27.so
7f94e6c55000-7f94e6e54000 ---p 00003000 08:01 1840770                    /lib/x86_64-linux-gnu/libdl-2.27.so
7f94e6e54000-7f94e6e55000 r--p 00002000 08:01 1840770                    /lib/x86_64-linux-gnu/libdl-2.27.so
7f94e6e55000-7f94e6e56000 rw-p 00003000 08:01 1840770                    /lib/x86_64-linux-gnu/libdl-2.27.so
7f94e6e56000-7f94e6e6d000 r-xp 00000000 08:01 564310                     /usr/lib/jvm/java-8-oracle/lib/amd64/jli/libjli.so
7f94e6e6d000-7f94e706c000 ---p 00017000 08:01 564310                     /usr/lib/jvm/java-8-oracle/lib/amd64/jli/libjli.so
7f94e706c000-7f94e706d000 r--p 00016000 08:01 564310                     /usr/lib/jvm/java-8-oracle/lib/amd64/jli/libjli.so
7f94e706d000-7f94e706e000 rw-p 00017000 08:01 564310                     /usr/lib/jvm/java-8-oracle/lib/amd64/jli/libjli.so
7f94e706e000-7f94e7088000 r-xp 00000000 08:01 1840880                    /lib/x86_64-linux-gnu/libpthread-2.27.so
7f94e7088000-7f94e7287000 ---p 0001a000 08:01 1840880                    /lib/x86_64-linux-gnu/libpthread-2.27.so
7f94e7287000-7f94e7288000 r--p 00019000 08:01 1840880                    /lib/x86_64-linux-gnu/libpthread-2.27.so
7f94e7288000-7f94e7289000 rw-p 0001a000 08:01 1840880                    /lib/x86_64-linux-gnu/libpthread-2.27.so
7f94e7289000-7f94e728d000 rw-p 00000000 00:00 0 
7f94e728d000-7f94e72b4000 r-xp 00000000 08:01 1840719                    /lib/x86_64-linux-gnu/ld-2.27.so
7f94e72b4000-7f94e72c8000 r--s 0016d000 08:01 1457653                    /home/batprem/.conda/envs/DataSci/lib/python3.6/site-packages/pyspark/jars/orc-core-1.5.2-nohive.jar
7f94e72c8000-7f94e739a000 rw-p 00000000 00:00 0 
7f94e739a000-7f94e739b000 ---p 00000000 00:00 0 
7f94e739b000-7f94e739e000 ---p 00000000 00:00 0 
7f94e739e000-7f94e749f000 rw-p 00000000 00:00 0 
7f94e749f000-7f94e74a0000 r--s 00009000 08:01 1442021                    /home/batprem/.conda/envs/DataSci/lib/python3.6/site-packages/pyspark/jars/hadoop-annotations-2.7.3.jar
7f94e74a0000-7f94e74a4000 r--s 00019000 08:01 1448227                    /home/batprem/.conda/envs/DataSci/lib/python3.6/site-packages/pyspark/jars/javax.ws.rs-api-2.0.1.jar
7f94e74a4000-7f94e74a5000 r--s 00000000 08:01 1441877                    /home/batprem/.conda/envs/DataSci/lib/python3.6/site-packages/pyspark/jars/javax.inject-1.jar
7f94e74a5000-7f94e74a7000 r--s 00005000 08:01 1441999                    /home/batprem/.conda/envs/DataSci/lib/python3.6/site-packages/pyspark/jars/javax.annotation-api-1.2.jar
7f94e74a7000-7f94e74a9000 r--s 0000d000 08:01 1442038                    /home/batprem/.conda/envs/DataSci/lib/python3.6/site-packages/pyspark/jars/hadoop-yarn-server-web-proxy-2.7.3.jar
7f94e74a9000-7f94e74aa000 r--s 00001000 08:01 1441902                    /home/batprem/.conda/envs/DataSci/lib/python3.6/site-packages/pyspark/jars/minlog-1.3.0.jar
7f94e74aa000-7f94e74b2000 rw-s 00000000 08:01 134108                     /tmp/hsperfdata_batprem/4115
7f94e74b2000-7f94e74b3000 rw-p 00000000 00:00 0 
7f94e74b3000-7f94e74b4000 ---p 00000000 00:00 0 
7f94e74b4000-7f94e74b5000 r--p 00027000 08:01 1840719                    /lib/x86_64-linux-gnu/ld-2.27.so
7f94e74b5000-7f94e74b6000 rw-p 00028000 08:01 1840719                    /lib/x86_64-linux-gnu/ld-2.27.so
7f94e74b6000-7f94e74b7000 rw-p 00000000 00:00 0 
7ffc6f521000-7ffc6f543000 rw-p 00000000 00:00 0                          [stack]
7ffc6f553000-7ffc6f556000 r--p 00000000 00:00 0                          [vvar]
7ffc6f556000-7ffc6f558000 r-xp 00000000 00:00 0                          [vdso]
ffffffffff600000-ffffffffff601000 r-xp 00000000 00:00 0                  [vsyscall]

VM Arguments:
jvm_args: -Xmx1g 
java_command: org.apache.spark.deploy.SparkSubmit --conf spark.master=local[2] --conf spark.app.name=COM6012 Spark Intro pyspark-shell
java_class_path (initial): /home/batprem/.conda/envs/DataSci/lib/python3.6/site-packages/pyspark/conf:/home/batprem/.conda/envs/DataSci/lib/python3.6/site-packages/pyspark/jars/minlog-1.3.0.jar:/home/batprem/.conda/envs/DataSci/lib/python3.6/site-packages/pyspark/jars/orc-core-1.5.2-nohive.jar:/home/batprem/.conda/envs/DataSci/lib/python3.6/site-packages/pyspark/jars/hadoop-yarn-server-web-proxy-2.7.3.jar:/home/batprem/.conda/envs/DataSci/lib/python3.6/site-packages/pyspark/jars/javax.annotation-api-1.2.jar:/home/batprem/.conda/envs/DataSci/lib/python3.6/site-packages/pyspark/jars/javax.inject-1.jar:/home/batprem/.conda/envs/DataSci/lib/python3.6/site-packages/pyspark/jars/javax.ws.rs-api-2.0.1.jar:/home/batprem/.conda/envs/DataSci/lib/python3.6/site-packages/pyspark/jars/kubernetes-client-3.0.0.jar:/home/batprem/.conda/envs/DataSci/lib/python3.6/site-packages/pyspark/jars/jackson-mapper-asl-1.9.13.jar:/home/batprem/.conda/envs/DataSci/lib/python3.6/site-packages/pyspark/jars/json4s-ast_2.11-3.5.3.jar:/home/batprem/.conda/envs/DataSci/lib/python3.6/site-packages/pyspark/jars/xz-1.5.jar:/home/batprem/.conda/envs/DataSci/lib/python3.6/site-packages/pyspark/jars/jcl-over-slf4j-1.7.16.jar:/home/batprem/.conda/envs/DataSci/lib/python3.6/site-packages/pyspark/jars/commons-io-2.4.jar:/home/batprem/.conda/envs/DataSci/lib/python3.6/site-packages/pyspark/jars/avro-mapred-1.8.2-hadoop2.jar:/home/batprem/.conda/envs/DataSci/lib/python3.6/site-packages/pyspark/jars/metrics-core-3.1.5.jar:/home/batprem/.conda/envs/DataSci/lib/python3.6/site-packages/pyspark/jars/commons-dbcp-1.4.jar:/home/batprem/.conda/envs/DataSci/lib/python3.6/site-packages/pyspark/jars/JavaEWAH-0.3.2.jar:/home/batprem/.conda/envs/DataSci/lib/python3.6/site-packages/pyspark/jars/libthrift-0.9.3.jar:/home/batprem/.conda/envs/DataSci/lib/python3.6/site-packages/pyspark/jars/derby-10.12.1.1.jar:/home/batprem/.conda/envs/DataSci/lib/python3.6/site-packages/pyspark/jars/spark-yarn_2.11-2.4.0.jar:/home/batprem/.c
Launcher Type: SUN_STANDARD

Environment Variables:
JAVA_HOME=/usr/lib/jvm/java-8-oracle
PATH=/home/batprem/.conda/envs/DataSci/bin:/home/batprem/.conda/envs/DataSci/bin:/home/batprem/anaconda3/bin:/usr/local/sbin:/usr/local/bin:/usr/sbin:/usr/bin:/sbin:/bin:/usr/games:/usr/local/games:/snap/bin:/usr/lib/jvm/java-8-oracle/bin:/usr/lib/jvm/java-8-oracle/db/bin:/usr/lib/jvm/java-8-oracle/jre/bin
USERNAME=batprem
SHELL=/bin/bash
DISPLAY=:0

Signal Handlers:
SIGSEGV: [libjvm.so+0xad3e60], sa_mask[0]=11111111011111111101111111111110, sa_flags=SA_RESTART|SA_SIGINFO
SIGBUS: [libjvm.so+0xad3e60], sa_mask[0]=11111111011111111101111111111110, sa_flags=SA_RESTART|SA_SIGINFO
SIGFPE: [libjvm.so+0x90b880], sa_mask[0]=11111111011111111101111111111110, sa_flags=SA_RESTART|SA_SIGINFO
SIGPIPE: [libjvm.so+0x90b880], sa_mask[0]=11111111011111111101111111111110, sa_flags=SA_RESTART|SA_SIGINFO
SIGXFSZ: [libjvm.so+0x90b880], sa_mask[0]=11111111011111111101111111111110, sa_flags=SA_RESTART|SA_SIGINFO
SIGILL: [libjvm.so+0x90b880], sa_mask[0]=11111111011111111101111111111110, sa_flags=SA_RESTART|SA_SIGINFO
SIGUSR1: SIG_DFL, sa_mask[0]=00000000000000000000000000000000, sa_flags=none
SIGUSR2: [libjvm.so+0x90b750], sa_mask[0]=00000000000000000000000000000000, sa_flags=SA_RESTART|SA_SIGINFO
SIGHUP: [libjvm.so+0x90bd70], sa_mask[0]=11111111011111111101111111111110, sa_flags=SA_RESTART|SA_SIGINFO
SIGINT: SIG_IGN, sa_mask[0]=00000000000000000000000000000000, sa_flags=none
SIGTERM: [libjvm.so+0x90bd70], sa_mask[0]=11111111011111111101111111111110, sa_flags=SA_RESTART|SA_SIGINFO
SIGQUIT: [libjvm.so+0x90bd70], sa_mask[0]=11111111011111111101111111111110, sa_flags=SA_RESTART|SA_SIGINFO


---------------  S Y S T E M  ---------------

OS:DISTRIB_ID=Ubuntu
DISTRIB_RELEASE=18.04
DISTRIB_CODENAME=bionic
DISTRIB_DESCRIPTION="Ubuntu 18.04.1 LTS"

uname:Linux 4.15.0-45-generic #48-Ubuntu SMP Tue Jan 29 16:28:13 UTC 2019 x86_64
libc:glibc 2.27 NPTL 2.27 
rlimit: STACK 8192k, CORE 0k, NPROC 7643, NOFILE 4096, AS infinity
load average:0.68 0.85 1.02

/proc/meminfo:
MemTotal:        2017284 kB
MemFree:           80052 kB
MemAvailable:      72320 kB
Buffers:            2344 kB
Cached:           162800 kB
SwapCached:        25896 kB
Active:           956200 kB
Inactive:         333852 kB
Active(anon):     898048 kB
Inactive(anon):   299124 kB
Active(file):      58152 kB
Inactive(file):    34728 kB
Unevictable:          16 kB
Mlocked:              16 kB
SwapTotal:       1459804 kB
SwapFree:            220 kB
Dirty:               268 kB
Writeback:          2456 kB
AnonPages:       1099564 kB
Mapped:           152740 kB
Shmem:             72248 kB
Slab:             109192 kB
SReclaimable:      41956 kB
SUnreclaim:        67236 kB
KernelStack:       15408 kB
PageTables:        54256 kB
NFS_Unstable:          0 kB
Bounce:                0 kB
WritebackTmp:          0 kB
CommitLimit:     2468444 kB
Committed_AS:    7092288 kB
VmallocTotal:   34359738367 kB
VmallocUsed:           0 kB
VmallocChunk:          0 kB
HardwareCorrupted:     0 kB
AnonHugePages:         0 kB
ShmemHugePages:        0 kB
ShmemPmdMapped:        0 kB
CmaTotal:              0 kB
CmaFree:               0 kB
HugePages_Total:       0
HugePages_Free:        0
HugePages_Rsvd:        0
HugePages_Surp:        0
Hugepagesize:       2048 kB
DirectMap4k:      143232 kB
DirectMap2M:     1953792 kB
DirectMap1G:           0 kB

container (cgroup) information:
container_type: cgroupv1
cpu_cpuset_cpus: 0
cpu_memory_nodes: 0
active_processor_count: 1
cpu_quota: -1
cpu_period: 100000
cpu_shares: -1
memory_limit_in_bytes: -1
memory_and_swap_limit_in_bytes: -2
memory_soft_limit_in_bytes: -1
memory_usage_in_bytes: 1305174016
memory_max_usage_in_bytes: 25112576


CPU:total 1 (initial active 1) (1 cores per cpu, 1 threads per core) family 23 model 17 stepping 0, cmov, cx8, fxsr, mmx, sse, sse2, sse3, ssse3, sse4.1, sse4.2, popcnt, avx, avx2, aes, clmul, mmxext, 3dnowpref, lzcnt, sse4a, tsc, tscinvbit, tscinv, bmi1

/proc/cpuinfo:
processor	: 0
vendor_id	: AuthenticAMD
cpu family	: 23
model		: 17
model name	: AMD Ryzen 5 2500U with Radeon Vega Mobile Gfx
stepping	: 0
microcode	: 0x810100b
cpu MHz		: 2000.000
cache size	: 512 KB
physical id	: 0
siblings	: 1
core id		: 0
cpu cores	: 1
apicid		: 0
initial apicid	: 0
fpu		: yes
fpu_exception	: yes
cpuid level	: 13
wp		: yes
flags		: fpu vme de pse tsc msr pae mce cx8 apic sep mtrr pge mca cmov pat pse36 clflush mmx fxsr sse sse2 syscall nx mmxext fxsr_opt pdpe1gb rdtscp lm constant_tsc rep_good nopl tsc_reliable nonstop_tsc cpuid extd_apicid pni pclmulqdq ssse3 fma cx16 sse4_1 sse4_2 x2apic movbe popcnt aes xsave avx f16c rdrand hypervisor lahf_lm extapic cr8_legacy abm sse4a misalignsse 3dnowprefetch osvw ssbd ibpb vmmcall fsgsbase bmi1 avx2 smep bmi2 rdseed adx smap clflushopt sha_ni xsaveopt xsavec xsaves clzero arat overflow_recov succor
bugs		: fxsave_leak sysret_ss_attrs null_seg spectre_v1 spectre_v2 spec_store_bypass
bogomips	: 4000.00
TLB size	: 2560 4K pages
clflush size	: 64
cache_alignment	: 64
address sizes	: 43 bits physical, 48 bits virtual
power management:



Memory: 4k page, physical 2017284k(79928k free), swap 1459804k(220k free)

vm_info: Java HotSpot(TM) 64-Bit Server VM (25.201-b09) for linux-amd64 JRE (1.8.0_201-b09), built on Dec 15 2018 11:35:59 by "java_re" with gcc 7.3.0

time: Wed Feb 20 13:22:00 2019
timezone: GMT
elapsed time: 234 seconds (0d 0h 3m 54s)

